This is pdfTeX, Version 3.1415926-2.4-1.40.13 (MiKTeX 2.9 64-bit) (preloaded format=pdflatex 2014.6.24)  26 AUG 2014 14:13
entering extended mode
**thesis.tex
(D:\Studium\Master\Masterarbeit\Latex\thesis.tex
LaTeX2e <2011/06/27>
Babel <v3.8m> and hyphenation patterns for english, afrikaans, ancientgreek, ar
abic, armenian, assamese, basque, bengali, bokmal, bulgarian, catalan, coptic, 
croatian, czech, danish, dutch, esperanto, estonian, farsi, finnish, french, ga
lician, german, german-x-2012-05-30, greek, gujarati, hindi, hungarian, iceland
ic, indonesian, interlingua, irish, italian, kannada, kurmanji, latin, latvian,
 lithuanian, malayalam, marathi, mongolian, mongolianlmc, monogreek, ngerman, n
german-x-2012-05-30, nynorsk, oriya, panjabi, pinyin, polish, portuguese, roman
ian, russian, sanskrit, serbian, slovak, slovenian, spanish, swedish, swissgerm
an, tamil, telugu, turkish, turkmen, ukenglish, ukrainian, uppersorbian, usengl
ishmax, welsh, loaded.
(D:\Studium\Master\Masterarbeit\Latex\config.tex
("C:\Program Files\MiKTeX 2.9\tex\latex\koma-script\scrreprt.cls"
Document Class: scrreprt 2012/07/29 v3.11b KOMA-Script document class (report)
("C:\Program Files\MiKTeX 2.9\tex\latex\koma-script\scrkbase.sty"
Package: scrkbase 2012/07/29 v3.11b KOMA-Script package (KOMA-Script-dependent 
basics and keyval usage)

("C:\Program Files\MiKTeX 2.9\tex\latex\koma-script\scrbase.sty"
Package: scrbase 2012/07/29 v3.11b KOMA-Script package (KOMA-Script-independent
 basics and keyval usage)

("C:\Program Files\MiKTeX 2.9\tex\latex\graphics\keyval.sty"
Package: keyval 1999/03/16 v1.13 key=value parser (DPC)
\KV@toks@=\toks14
)
("C:\Program Files\MiKTeX 2.9\tex\latex\koma-script\scrlfile.sty"
Package: scrlfile 2012/06/15 v3.12 KOMA-Script package (loading files)

Package scrlfile, 2012/06/15 v3.12 KOMA-Script package (loading files)
                  Copyright (C) Markus Kohm

))) ("C:\Program Files\MiKTeX 2.9\tex\latex\koma-script\tocbasic.sty"
Package: tocbasic 2012/04/04 v3.10b KOMA-Script package (handling toc-files)
)
Package tocbasic Info: omitting babel extension for `toc'
(tocbasic)             because of feature `nobabel' available
(tocbasic)             for `toc' on input line 117.
Package tocbasic Info: omitting babel extension for `lof'
(tocbasic)             because of feature `nobabel' available
(tocbasic)             for `lof' on input line 118.
Package tocbasic Info: omitting babel extension for `lot'
(tocbasic)             because of feature `nobabel' available
(tocbasic)             for `lot' on input line 119.
Class scrreprt Info: File `scrsize12pt.clo' used to setup font sizes on input l
ine 1367.

("C:\Program Files\MiKTeX 2.9\tex\latex\koma-script\scrsize12pt.clo"
File: scrsize12pt.clo 2012/07/29 v3.11b KOMA-Script font size class option (12p
t)
)
("C:\Program Files\MiKTeX 2.9\tex\latex\koma-script\typearea.sty"
Package: typearea 2012/07/29 v3.11b KOMA-Script package (type area)

Package typearea, 2012/07/29 v3.11b KOMA-Script package (type area)
                  Copyright (C) Frank Neukam, 1992-1994
                  Copyright (C) Markus Kohm, 1994-

\ta@bcor=\skip41
\ta@div=\count79
\ta@hblk=\skip42
\ta@vblk=\skip43
\ta@temp=\skip44
Package typearea Info: These are the values describing the layout:
(typearea)             DIV  = 12
(typearea)             BCOR = 0.0pt
(typearea)             \paperwidth      = 597.50793pt
(typearea)              \textwidth      = 448.13095pt
(typearea)              DIV departure   = -6%
(typearea)              \evensidemargin = 2.4185pt
(typearea)              \oddsidemargin  = 2.4185pt
(typearea)             \paperheight     = 845.04694pt
(typearea)              \textheight     = 606.5pt
(typearea)              \topmargin      = -1.84941pt
(typearea)              \headheight     = 18.125pt
(typearea)              \headsep        = 21.75pt
(typearea)              \topskip        = 12.0pt
(typearea)              \footskip       = 50.75pt
(typearea)              \baselineskip   = 14.5pt
(typearea)              on input line 1213.
)
\c@part=\count80
\c@chapter=\count81
\c@section=\count82
\c@subsection=\count83
\c@subsubsection=\count84
\c@paragraph=\count85
\c@subparagraph=\count86
\abovecaptionskip=\skip45
\belowcaptionskip=\skip46
\c@pti@nb@sid@b@x=\box26
\c@figure=\count87
\c@table=\count88
\bibindent=\dimen102
) ("C:\Program Files\MiKTeX 2.9\tex\latex\koma-script\scrpage2.sty"
Package: scrpage2 2010/04/22 v2.5 LaTeX2e KOMA-Script package
LaTeX Info: Redefining \pagemark on input line 176.
)
("C:\Program Files\MiKTeX 2.9\tex\latex\amsmath\amsmath.sty"
Package: amsmath 2013/01/14 v2.14 AMS math features
\@mathmargin=\skip47

For additional information on amsmath, use the `?' option.
("C:\Program Files\MiKTeX 2.9\tex\latex\amsmath\amstext.sty"
Package: amstext 2000/06/29 v2.01

("C:\Program Files\MiKTeX 2.9\tex\latex\amsmath\amsgen.sty"
File: amsgen.sty 1999/11/30 v2.0
\@emptytoks=\toks15
\ex@=\dimen103
))
("C:\Program Files\MiKTeX 2.9\tex\latex\amsmath\amsbsy.sty"
Package: amsbsy 1999/11/29 v1.2d
\pmbraise@=\dimen104
)
("C:\Program Files\MiKTeX 2.9\tex\latex\amsmath\amsopn.sty"
Package: amsopn 1999/12/14 v2.01 operator names
)
\inf@bad=\count89
LaTeX Info: Redefining \frac on input line 210.
\uproot@=\count90
\leftroot@=\count91
LaTeX Info: Redefining \overline on input line 306.
\classnum@=\count92
\DOTSCASE@=\count93
LaTeX Info: Redefining \ldots on input line 378.
LaTeX Info: Redefining \dots on input line 381.
LaTeX Info: Redefining \cdots on input line 466.
\Mathstrutbox@=\box27
\strutbox@=\box28
\big@size=\dimen105
LaTeX Font Info:    Redeclaring font encoding OML on input line 566.
LaTeX Font Info:    Redeclaring font encoding OMS on input line 567.
\macc@depth=\count94
\c@MaxMatrixCols=\count95
\dotsspace@=\muskip10
\c@parentequation=\count96
\dspbrk@lvl=\count97
\tag@help=\toks16
\row@=\count98
\column@=\count99
\maxfields@=\count100
\andhelp@=\toks17
\eqnshift@=\dimen106
\alignsep@=\dimen107
\tagshift@=\dimen108
\tagwidth@=\dimen109
\totwidth@=\dimen110
\lineht@=\dimen111
\@envbody=\toks18
\multlinegap=\skip48
\multlinetaggap=\skip49
\mathdisplay@stack=\toks19
LaTeX Info: Redefining \[ on input line 2665.
LaTeX Info: Redefining \] on input line 2666.
)
("C:\Program Files\MiKTeX 2.9\tex\latex\marvosym\marvosym.sty"
Package: marvosym 2011/07/20 v2.2 Martin Vogel's Symbols font definitions
)
("C:\Program Files\MiKTeX 2.9\tex\latex\base\fontenc.sty"
Package: fontenc 2005/09/27 v1.99g Standard LaTeX package

("C:\Program Files\MiKTeX 2.9\tex\latex\base\t1enc.def"
File: t1enc.def 2005/09/27 v1.99g Standard LaTeX file
LaTeX Font Info:    Redeclaring font encoding T1 on input line 43.
))
("C:\Program Files\MiKTeX 2.9\tex\latex\base\inputenc.sty"
Package: inputenc 2008/03/30 v1.1d Input encoding file
\inpenc@prehook=\toks20
\inpenc@posthook=\toks21

("C:\Program Files\MiKTeX 2.9\tex\latex\base\utf8.def"
File: utf8.def 2008/04/05 v1.1m UTF-8 support for inputenc
Now handling font encoding OML ...
... no UTF-8 mapping file for font encoding OML
Now handling font encoding T1 ...
... processing UTF-8 mapping file for font encoding T1

("C:\Program Files\MiKTeX 2.9\tex\latex\base\t1enc.dfu"
File: t1enc.dfu 2008/04/05 v1.1m UTF-8 support for inputenc
   defining Unicode char U+00A1 (decimal 161)
   defining Unicode char U+00A3 (decimal 163)
   defining Unicode char U+00AB (decimal 171)
   defining Unicode char U+00BB (decimal 187)
   defining Unicode char U+00BF (decimal 191)
   defining Unicode char U+00C0 (decimal 192)
   defining Unicode char U+00C1 (decimal 193)
   defining Unicode char U+00C2 (decimal 194)
   defining Unicode char U+00C3 (decimal 195)
   defining Unicode char U+00C4 (decimal 196)
   defining Unicode char U+00C5 (decimal 197)
   defining Unicode char U+00C6 (decimal 198)
   defining Unicode char U+00C7 (decimal 199)
   defining Unicode char U+00C8 (decimal 200)
   defining Unicode char U+00C9 (decimal 201)
   defining Unicode char U+00CA (decimal 202)
   defining Unicode char U+00CB (decimal 203)
   defining Unicode char U+00CC (decimal 204)
   defining Unicode char U+00CD (decimal 205)
   defining Unicode char U+00CE (decimal 206)
   defining Unicode char U+00CF (decimal 207)
   defining Unicode char U+00D0 (decimal 208)
   defining Unicode char U+00D1 (decimal 209)
   defining Unicode char U+00D2 (decimal 210)
   defining Unicode char U+00D3 (decimal 211)
   defining Unicode char U+00D4 (decimal 212)
   defining Unicode char U+00D5 (decimal 213)
   defining Unicode char U+00D6 (decimal 214)
   defining Unicode char U+00D8 (decimal 216)
   defining Unicode char U+00D9 (decimal 217)
   defining Unicode char U+00DA (decimal 218)
   defining Unicode char U+00DB (decimal 219)
   defining Unicode char U+00DC (decimal 220)
   defining Unicode char U+00DD (decimal 221)
   defining Unicode char U+00DE (decimal 222)
   defining Unicode char U+00DF (decimal 223)
   defining Unicode char U+00E0 (decimal 224)
   defining Unicode char U+00E1 (decimal 225)
   defining Unicode char U+00E2 (decimal 226)
   defining Unicode char U+00E3 (decimal 227)
   defining Unicode char U+00E4 (decimal 228)
   defining Unicode char U+00E5 (decimal 229)
   defining Unicode char U+00E6 (decimal 230)
   defining Unicode char U+00E7 (decimal 231)
   defining Unicode char U+00E8 (decimal 232)
   defining Unicode char U+00E9 (decimal 233)
   defining Unicode char U+00EA (decimal 234)
   defining Unicode char U+00EB (decimal 235)
   defining Unicode char U+00EC (decimal 236)
   defining Unicode char U+00ED (decimal 237)
   defining Unicode char U+00EE (decimal 238)
   defining Unicode char U+00EF (decimal 239)
   defining Unicode char U+00F0 (decimal 240)
   defining Unicode char U+00F1 (decimal 241)
   defining Unicode char U+00F2 (decimal 242)
   defining Unicode char U+00F3 (decimal 243)
   defining Unicode char U+00F4 (decimal 244)
   defining Unicode char U+00F5 (decimal 245)
   defining Unicode char U+00F6 (decimal 246)
   defining Unicode char U+00F8 (decimal 248)
   defining Unicode char U+00F9 (decimal 249)
   defining Unicode char U+00FA (decimal 250)
   defining Unicode char U+00FB (decimal 251)
   defining Unicode char U+00FC (decimal 252)
   defining Unicode char U+00FD (decimal 253)
   defining Unicode char U+00FE (decimal 254)
   defining Unicode char U+00FF (decimal 255)
   defining Unicode char U+0102 (decimal 258)
   defining Unicode char U+0103 (decimal 259)
   defining Unicode char U+0104 (decimal 260)
   defining Unicode char U+0105 (decimal 261)
   defining Unicode char U+0106 (decimal 262)
   defining Unicode char U+0107 (decimal 263)
   defining Unicode char U+010C (decimal 268)
   defining Unicode char U+010D (decimal 269)
   defining Unicode char U+010E (decimal 270)
   defining Unicode char U+010F (decimal 271)
   defining Unicode char U+0110 (decimal 272)
   defining Unicode char U+0111 (decimal 273)
   defining Unicode char U+0118 (decimal 280)
   defining Unicode char U+0119 (decimal 281)
   defining Unicode char U+011A (decimal 282)
   defining Unicode char U+011B (decimal 283)
   defining Unicode char U+011E (decimal 286)
   defining Unicode char U+011F (decimal 287)
   defining Unicode char U+0130 (decimal 304)
   defining Unicode char U+0131 (decimal 305)
   defining Unicode char U+0132 (decimal 306)
   defining Unicode char U+0133 (decimal 307)
   defining Unicode char U+0139 (decimal 313)
   defining Unicode char U+013A (decimal 314)
   defining Unicode char U+013D (decimal 317)
   defining Unicode char U+013E (decimal 318)
   defining Unicode char U+0141 (decimal 321)
   defining Unicode char U+0142 (decimal 322)
   defining Unicode char U+0143 (decimal 323)
   defining Unicode char U+0144 (decimal 324)
   defining Unicode char U+0147 (decimal 327)
   defining Unicode char U+0148 (decimal 328)
   defining Unicode char U+014A (decimal 330)
   defining Unicode char U+014B (decimal 331)
   defining Unicode char U+0150 (decimal 336)
   defining Unicode char U+0151 (decimal 337)
   defining Unicode char U+0152 (decimal 338)
   defining Unicode char U+0153 (decimal 339)
   defining Unicode char U+0154 (decimal 340)
   defining Unicode char U+0155 (decimal 341)
   defining Unicode char U+0158 (decimal 344)
   defining Unicode char U+0159 (decimal 345)
   defining Unicode char U+015A (decimal 346)
   defining Unicode char U+015B (decimal 347)
   defining Unicode char U+015E (decimal 350)
   defining Unicode char U+015F (decimal 351)
   defining Unicode char U+0160 (decimal 352)
   defining Unicode char U+0161 (decimal 353)
   defining Unicode char U+0162 (decimal 354)
   defining Unicode char U+0163 (decimal 355)
   defining Unicode char U+0164 (decimal 356)
   defining Unicode char U+0165 (decimal 357)
   defining Unicode char U+016E (decimal 366)
   defining Unicode char U+016F (decimal 367)
   defining Unicode char U+0170 (decimal 368)
   defining Unicode char U+0171 (decimal 369)
   defining Unicode char U+0178 (decimal 376)
   defining Unicode char U+0179 (decimal 377)
   defining Unicode char U+017A (decimal 378)
   defining Unicode char U+017B (decimal 379)
   defining Unicode char U+017C (decimal 380)
   defining Unicode char U+017D (decimal 381)
   defining Unicode char U+017E (decimal 382)
   defining Unicode char U+200C (decimal 8204)
   defining Unicode char U+2013 (decimal 8211)
   defining Unicode char U+2014 (decimal 8212)
   defining Unicode char U+2018 (decimal 8216)
   defining Unicode char U+2019 (decimal 8217)
   defining Unicode char U+201A (decimal 8218)
   defining Unicode char U+201C (decimal 8220)
   defining Unicode char U+201D (decimal 8221)
   defining Unicode char U+201E (decimal 8222)
   defining Unicode char U+2030 (decimal 8240)
   defining Unicode char U+2031 (decimal 8241)
   defining Unicode char U+2039 (decimal 8249)
   defining Unicode char U+203A (decimal 8250)
   defining Unicode char U+2423 (decimal 9251)
)
Now handling font encoding OT1 ...
... processing UTF-8 mapping file for font encoding OT1

("C:\Program Files\MiKTeX 2.9\tex\latex\base\ot1enc.dfu"
File: ot1enc.dfu 2008/04/05 v1.1m UTF-8 support for inputenc
   defining Unicode char U+00A1 (decimal 161)
   defining Unicode char U+00A3 (decimal 163)
   defining Unicode char U+00B8 (decimal 184)
   defining Unicode char U+00BF (decimal 191)
   defining Unicode char U+00C5 (decimal 197)
   defining Unicode char U+00C6 (decimal 198)
   defining Unicode char U+00D8 (decimal 216)
   defining Unicode char U+00DF (decimal 223)
   defining Unicode char U+00E6 (decimal 230)
   defining Unicode char U+00EC (decimal 236)
   defining Unicode char U+00ED (decimal 237)
   defining Unicode char U+00EE (decimal 238)
   defining Unicode char U+00EF (decimal 239)
   defining Unicode char U+00F8 (decimal 248)
   defining Unicode char U+0131 (decimal 305)
   defining Unicode char U+0141 (decimal 321)
   defining Unicode char U+0142 (decimal 322)
   defining Unicode char U+0152 (decimal 338)
   defining Unicode char U+0153 (decimal 339)
   defining Unicode char U+2013 (decimal 8211)
   defining Unicode char U+2014 (decimal 8212)
   defining Unicode char U+2018 (decimal 8216)
   defining Unicode char U+2019 (decimal 8217)
   defining Unicode char U+201C (decimal 8220)
   defining Unicode char U+201D (decimal 8221)
)
Now handling font encoding OMS ...
... processing UTF-8 mapping file for font encoding OMS

("C:\Program Files\MiKTeX 2.9\tex\latex\base\omsenc.dfu"
File: omsenc.dfu 2008/04/05 v1.1m UTF-8 support for inputenc
   defining Unicode char U+00A7 (decimal 167)
   defining Unicode char U+00B6 (decimal 182)
   defining Unicode char U+00B7 (decimal 183)
   defining Unicode char U+2020 (decimal 8224)
   defining Unicode char U+2021 (decimal 8225)
   defining Unicode char U+2022 (decimal 8226)
)
Now handling font encoding OMX ...
... no UTF-8 mapping file for font encoding OMX
Now handling font encoding U ...
... no UTF-8 mapping file for font encoding U
   defining Unicode char U+00A9 (decimal 169)
   defining Unicode char U+00AA (decimal 170)
   defining Unicode char U+00AE (decimal 174)
   defining Unicode char U+00BA (decimal 186)
   defining Unicode char U+02C6 (decimal 710)
   defining Unicode char U+02DC (decimal 732)
   defining Unicode char U+200C (decimal 8204)
   defining Unicode char U+2026 (decimal 8230)
   defining Unicode char U+2122 (decimal 8482)
   defining Unicode char U+2423 (decimal 9251)
))
("C:\Program Files\MiKTeX 2.9\tex\latex\psnfss\mathpazo.sty"
Package: mathpazo 2005/04/12 PSNFSS-v9.2a Palatino w/ Pazo Math (D.Puga, WaS) 
\symupright=\mathgroup4
)
("C:\Program Files\MiKTeX 2.9\tex\latex\setspace\setspace.sty"
Package: setspace 2011/12/19 v6.7a set line spacing
)
("C:\Program Files\MiKTeX 2.9\tex\generic\babel\babel.sty"
Package: babel 2008/07/08 v3.8m The Babel package

*************************************
* Local config file bblopts.cfg used
*
("C:\Program Files\MiKTeX 2.9\tex\latex\00miktex\bblopts.cfg"
File: bblopts.cfg 2006/07/31 v1.0 MiKTeX 'babel' configuration
)
("C:\Program Files\MiKTeX 2.9\tex\generic\babel\ngermanb.ldf"
Language: ngermanb 2008/07/06 v2.6n new German support from the babel system

("C:\Program Files\MiKTeX 2.9\tex\generic\babel\babel.def"
File: babel.def 2008/07/08 v3.8m Babel common definitions
\babel@savecnt=\count101
\U@D=\dimen112
)
\l@naustrian = a dialect from \language\l@ngerman 
Package babel Info: Making " an active character on input line 92.
))
("C:\Program Files\MiKTeX 2.9\tex\latex\hyperref\hyperref.sty"
Package: hyperref 2012/11/06 v6.83m Hypertext links for LaTeX

("C:\Program Files\MiKTeX 2.9\tex\generic\oberdiek\hobsub-hyperref.sty"
Package: hobsub-hyperref 2012/04/25 v1.12 Bundle oberdiek, subset hyperref (HO)


("C:\Program Files\MiKTeX 2.9\tex\generic\oberdiek\hobsub-generic.sty"
Package: hobsub-generic 2012/04/25 v1.12 Bundle oberdiek, subset generic (HO)
Package: hobsub 2012/04/25 v1.12 Construct package bundles (HO)
Package: infwarerr 2010/04/08 v1.3 Providing info/warning/error messages (HO)
Package: ltxcmds 2011/11/09 v1.22 LaTeX kernel commands for general use (HO)
Package: ifluatex 2010/03/01 v1.3 Provides the ifluatex switch (HO)
Package ifluatex Info: LuaTeX not detected.
Package: ifvtex 2010/03/01 v1.5 Detect VTeX and its facilities (HO)
Package ifvtex Info: VTeX not detected.
Package: intcalc 2007/09/27 v1.1 Expandable calculations with integers (HO)
Package: ifpdf 2011/01/30 v2.3 Provides the ifpdf switch (HO)
Package ifpdf Info: pdfTeX in PDF mode is detected.
Package: etexcmds 2011/02/16 v1.5 Avoid name clashes with e-TeX commands (HO)
Package etexcmds Info: Could not find \expanded.
(etexcmds)             That can mean that you are not using pdfTeX 1.50 or
(etexcmds)             that some package has redefined \expanded.
(etexcmds)             In the latter case, load this package earlier.
Package: kvsetkeys 2012/04/25 v1.16 Key value parser (HO)
Package: kvdefinekeys 2011/04/07 v1.3 Define keys (HO)
Package: pdftexcmds 2011/11/29 v0.20 Utility functions of pdfTeX for LuaTeX (HO
)
Package pdftexcmds Info: LuaTeX not detected.
Package pdftexcmds Info: \pdf@primitive is available.
Package pdftexcmds Info: \pdf@ifprimitive is available.
Package pdftexcmds Info: \pdfdraftmode found.
Package: pdfescape 2011/11/25 v1.13 Implements pdfTeX's escape features (HO)
Package: bigintcalc 2012/04/08 v1.3 Expandable calculations on big integers (HO
)
Package: bitset 2011/01/30 v1.1 Handle bit-vector datatype (HO)
Package: uniquecounter 2011/01/30 v1.2 Provide unlimited unique counter (HO)
)
Package hobsub Info: Skipping package `hobsub' (already loaded).
Package: letltxmacro 2010/09/02 v1.4 Let assignment for LaTeX macros (HO)
Package: hopatch 2011/06/24 v1.1 Wrapper for package hooks (HO)
Package: xcolor-patch 2011/01/30 xcolor patch
Package: atveryend 2011/06/30 v1.8 Hooks at the very end of document (HO)
Package atveryend Info: \enddocument detected (standard20110627).
Package: atbegshi 2011/10/05 v1.16 At begin shipout hook (HO)
Package: refcount 2011/10/16 v3.4 Data extraction from label references (HO)
Package: hycolor 2011/01/30 v1.7 Color options for hyperref/bookmark (HO)
)
("C:\Program Files\MiKTeX 2.9\tex\generic\ifxetex\ifxetex.sty"
Package: ifxetex 2010/09/12 v0.6 Provides ifxetex conditional
)
("C:\Program Files\MiKTeX 2.9\tex\latex\oberdiek\auxhook.sty"
Package: auxhook 2011/03/04 v1.3 Hooks for auxiliary files (HO)
)
("C:\Program Files\MiKTeX 2.9\tex\latex\oberdiek\kvoptions.sty"
Package: kvoptions 2011/06/30 v3.11 Key value format for package options (HO)
)
\@linkdim=\dimen113
\Hy@linkcounter=\count102
\Hy@pagecounter=\count103

("C:\Program Files\MiKTeX 2.9\tex\latex\hyperref\pd1enc.def"
File: pd1enc.def 2012/11/06 v6.83m Hyperref: PDFDocEncoding definition (HO)
Now handling font encoding PD1 ...
... no UTF-8 mapping file for font encoding PD1
)
\Hy@SavedSpaceFactor=\count104

("C:\Program Files\MiKTeX 2.9\tex\latex\00miktex\hyperref.cfg"
File: hyperref.cfg 2002/06/06 v1.2 hyperref configuration of TeXLive
)
Package hyperref Info: Option `breaklinks' set `true' on input line 4319.
Package hyperref Info: Hyper figures OFF on input line 4443.
Package hyperref Info: Link nesting OFF on input line 4448.
Package hyperref Info: Hyper index ON on input line 4451.
Package hyperref Info: Plain pages OFF on input line 4458.
Package hyperref Info: Backreferencing OFF on input line 4463.
Package hyperref Info: Implicit mode ON; LaTeX internals redefined.
Package hyperref Info: Bookmarks ON on input line 4688.
\c@Hy@tempcnt=\count105

("C:\Program Files\MiKTeX 2.9\tex\latex\ltxmisc\url.sty"
\Urlmuskip=\muskip11
Package: url 2006/04/12  ver 3.3  Verb mode for urls, etc.
)
LaTeX Info: Redefining \url on input line 5041.
\XeTeXLinkMargin=\dimen114
\Fld@menulength=\count106
\Field@Width=\dimen115
\Fld@charsize=\dimen116
Package hyperref Info: Hyper figures OFF on input line 6295.
Package hyperref Info: Link nesting OFF on input line 6300.
Package hyperref Info: Hyper index ON on input line 6303.
Package hyperref Info: backreferencing OFF on input line 6310.
Package hyperref Info: Link coloring OFF on input line 6315.
Package hyperref Info: Link coloring with OCG OFF on input line 6320.
Package hyperref Info: PDF/A mode OFF on input line 6325.
LaTeX Info: Redefining \ref on input line 6365.
LaTeX Info: Redefining \pageref on input line 6369.
\Hy@abspage=\count107
\c@Item=\count108
\c@Hfootnote=\count109
)

Package hyperref Message: Driver (autodetected): hpdftex.

("C:\Program Files\MiKTeX 2.9\tex\latex\hyperref\hpdftex.def"
File: hpdftex.def 2012/11/06 v6.83m Hyperref driver for pdfTeX
\Fld@listcount=\count110
\c@bookmark@seq@number=\count111

("C:\Program Files\MiKTeX 2.9\tex\latex\oberdiek\rerunfilecheck.sty"
Package: rerunfilecheck 2011/04/15 v1.7 Rerun checks for auxiliary files (HO)
Package uniquecounter Info: New unique counter `rerunfilecheck' on input line 2
82.
)
\Hy@SectionHShift=\skip50
)
("C:\Program Files\MiKTeX 2.9\tex\latex\microtype\microtype.sty"
Package: microtype 2013/03/13 v2.5 Micro-typographical refinements (RS)
\MT@toks=\toks22
\MT@count=\count112
LaTeX Info: Redefining \textls on input line 771.
\MT@outer@kern=\dimen117
LaTeX Info: Redefining \textmicrotypecontext on input line 1290.
\MT@listname@count=\count113

("C:\Program Files\MiKTeX 2.9\tex\latex\microtype\microtype-pdftex.def"
File: microtype-pdftex.def 2013/03/13 v2.5 Definitions specific to pdftex (RS)
LaTeX Info: Redefining \lsstyle on input line 889.
LaTeX Info: Redefining \lslig on input line 889.
\MT@outer@space=\skip51
)
Package microtype Info: Loading configuration file microtype.cfg.

("C:\Program Files\MiKTeX 2.9\tex\latex\microtype\microtype.cfg"
File: microtype.cfg 2013/03/13 v2.5 microtype main configuration file (RS)
))
("C:\Program Files\MiKTeX 2.9\tex\latex\oberdiek\pdflscape.sty"
Package: pdflscape 2008/08/11 v0.10 Display of landscape pages in PDF (HO)

("C:\Program Files\MiKTeX 2.9\tex\latex\graphics\lscape.sty"
Package: lscape 2000/10/22 v3.01 Landscape Pages (DPC)

("C:\Program Files\MiKTeX 2.9\tex\latex\graphics\graphics.sty"
Package: graphics 2009/02/05 v1.0o Standard LaTeX Graphics (DPC,SPQR)

("C:\Program Files\MiKTeX 2.9\tex\latex\graphics\trig.sty"
Package: trig 1999/03/16 v1.09 sin cos tan (DPC)
)
("C:\Program Files\MiKTeX 2.9\tex\latex\00miktex\graphics.cfg"
File: graphics.cfg 2007/01/18 v1.5 graphics configuration of teTeX/TeXLive
)
Package graphics Info: Driver file: pdftex.def on input line 91.

("C:\Program Files\MiKTeX 2.9\tex\latex\pdftex-def\pdftex.def"
File: pdftex.def 2011/05/27 v0.06d Graphics/color for pdfTeX
\Gread@gobject=\count114
)))
Package pdflscape Info: Auto-detected driver: pdftex on input line 80.
)
("C:\Program Files\MiKTeX 2.9\tex\latex\multirow\multirow.sty"
\bigstrutjot=\dimen118
)
("C:\Program Files\MiKTeX 2.9\tex\latex\tools\multicol.sty"
Package: multicol 2011/06/27 v1.7a multicolumn formatting (FMi)
\c@tracingmulticols=\count115
\mult@box=\box29
\multicol@leftmargin=\dimen119
\c@unbalance=\count116
\c@collectmore=\count117
\doublecol@number=\count118
\multicoltolerance=\count119
\multicolpretolerance=\count120
\full@width=\dimen120
\page@free=\dimen121
\premulticols=\dimen122
\postmulticols=\dimen123
\multicolsep=\skip52
\multicolbaselineskip=\skip53
\partial@page=\box30
\last@line=\box31
\mult@rightbox=\box32
\mult@grightbox=\box33
\mult@gfirstbox=\box34
\mult@firstbox=\box35
\@tempa=\box36
\@tempa=\box37
\@tempa=\box38
\@tempa=\box39
\@tempa=\box40
\@tempa=\box41
\@tempa=\box42
\@tempa=\box43
\@tempa=\box44
\@tempa=\box45
\@tempa=\box46
\@tempa=\box47
\@tempa=\box48
\@tempa=\box49
\@tempa=\box50
\@tempa=\box51
\@tempa=\box52
\c@columnbadness=\count121
\c@finalcolumnbadness=\count122
\last@try=\dimen124
\multicolovershoot=\dimen125
\multicolundershoot=\dimen126
\mult@nat@firstbox=\box53
\colbreak@box=\box54
\multicol@sort@counter=\count123
)
("C:\Program Files\MiKTeX 2.9\tex\latex\tools\tabularx.sty"
Package: tabularx 1999/01/07 v2.07 `tabularx' package (DPC)

("C:\Program Files\MiKTeX 2.9\tex\latex\tools\array.sty"
Package: array 2008/09/09 v2.4c Tabular extension package (FMi)
\col@sep=\dimen127
\extrarowheight=\dimen128
\NC@list=\toks23
\extratabsurround=\skip54
\backup@length=\skip55
)
\TX@col@width=\dimen129
\TX@old@table=\dimen130
\TX@old@col=\dimen131
\TX@target=\dimen132
\TX@delta=\dimen133
\TX@cols=\count124
\TX@ftn=\toks24
)
("C:\Program Files\MiKTeX 2.9\tex\latex\tools\longtable.sty"
Package: longtable 2004/02/01 v4.11 Multi-page Table package (DPC)
\LTleft=\skip56
\LTright=\skip57
\LTpre=\skip58
\LTpost=\skip59
\LTchunksize=\count125
\LTcapwidth=\dimen134
\LT@head=\box55
\LT@firsthead=\box56
\LT@foot=\box57
\LT@lastfoot=\box58
\LT@cols=\count126
\LT@rows=\count127
\c@LT@tables=\count128
\c@LT@chunks=\count129
\LT@p@ftn=\toks25
)
Class scrreprt Info: longtable captions redefined on input line 36.

("C:\Program Files\MiKTeX 2.9\tex\latex\booktabs\booktabs.sty"
Package: booktabs 2005/04/14 v1.61803 publication quality tables
\heavyrulewidth=\dimen135
\lightrulewidth=\dimen136
\cmidrulewidth=\dimen137
\belowrulesep=\dimen138
\belowbottomsep=\dimen139
\aboverulesep=\dimen140
\abovetopsep=\dimen141
\cmidrulesep=\dimen142
\cmidrulekern=\dimen143
\defaultaddspace=\dimen144
\@cmidla=\count130
\@cmidlb=\count131
\@aboverulesep=\dimen145
\@belowrulesep=\dimen146
\@thisruleclass=\count132
\@lastruleclass=\count133
\@thisrulewidth=\dimen147
)
("C:\Program Files\MiKTeX 2.9\tex\latex\rotating\rotating.sty"
Package: rotating 2009/03/28 v2.16a rotated objects in LaTeX

("C:\Program Files\MiKTeX 2.9\tex\latex\graphics\graphicx.sty"
Package: graphicx 1999/02/16 v1.0f Enhanced LaTeX Graphics (DPC,SPQR)
\Gin@req@height=\dimen148
\Gin@req@width=\dimen149
)
("C:\Program Files\MiKTeX 2.9\tex\latex\base\ifthen.sty"
Package: ifthen 2001/05/26 v1.1c Standard LaTeX ifthen package (DPC)
)
\c@r@tfl@t=\count134
\rotFPtop=\skip60
\rotFPbot=\skip61
\rot@float@box=\box59
\rot@mess@toks=\toks26
)
("C:\Program Files\MiKTeX 2.9\tex\latex\xcolor\xcolor.sty"
Package: xcolor 2007/01/21 v2.11 LaTeX color extensions (UK)

("C:\Program Files\MiKTeX 2.9\tex\latex\00miktex\color.cfg"
File: color.cfg 2007/01/18 v1.5 color configuration of teTeX/TeXLive
)
Package xcolor Info: Driver file: pdftex.def on input line 225.

("C:\Program Files\MiKTeX 2.9\tex\latex\colortbl\colortbl.sty"
Package: colortbl 2012/02/13 v1.0a Color table columns (DPC)
\everycr=\toks27
\minrowclearance=\skip62
)
\rownum=\count135
Package xcolor Info: Model `cmy' substituted by `cmy0' on input line 1337.
Package xcolor Info: Model `hsb' substituted by `rgb' on input line 1341.
Package xcolor Info: Model `RGB' extended on input line 1353.
Package xcolor Info: Model `HTML' substituted by `rgb' on input line 1355.
Package xcolor Info: Model `Hsb' substituted by `hsb' on input line 1356.
Package xcolor Info: Model `tHsb' substituted by `hsb' on input line 1357.
Package xcolor Info: Model `HSB' substituted by `hsb' on input line 1358.
Package xcolor Info: Model `Gray' substituted by `gray' on input line 1359.
Package xcolor Info: Model `wave' substituted by `hsb' on input line 1360.
)
("C:\Program Files\MiKTeX 2.9\tex\latex\wrapfig\wrapfig.sty"
\wrapoverhang=\dimen150
\WF@size=\dimen151
\c@WF@wrappedlines=\count136
\WF@box=\box60
\WF@everypar=\toks28
Package: wrapfig 2003/01/31  v 3.6
)
("C:\Program Files\MiKTeX 2.9\tex\latex\lipsum\lipsum.sty"
Package: lipsum 2011/04/14 v1.2 150 paragraphs of Lorem Ipsum dummy text
\c@lips@count=\count137
)
("C:\Program Files\MiKTeX 2.9\tex\latex\germbib\bibgerm.sty"
Package: bibgerm 2000/08/18 v0.1 Support for mixed language bibliographies

** Macros for german `BibTeX'ing added to Style Option `german' 20 Apr 1993 **
** idea and languages `german' and `USenglish' implemented by M. Wallmeier **
** Modified for LaTeX 2e and german.sty 2.5b by A. Scherer 1 Nov 1995 **
** Modified for ngerman.sty and babel.sty by H. Harders 21 August 2000 **)
("C:\Program Files\MiKTeX 2.9\tex\latex\float\float.sty"
Package: float 2001/11/08 v1.3d Float enhancements (AL)
\c@float@type=\count138
\float@exts=\toks29
\float@box=\box61
\@float@everytoks=\toks30
\@floatcapt=\box62
)
("C:\Program Files\MiKTeX 2.9\tex\latex\pdfpages\pdfpages.sty"
Package: pdfpages 2012/08/31 v0.4t Insert pages of external PDF documents (AM)

("C:\Program Files\MiKTeX 2.9\tex\latex\tools\calc.sty"
Package: calc 2007/08/22 v4.3 Infix arithmetic (KKT,FJ)
\calc@Acount=\count139
\calc@Bcount=\count140
\calc@Adimen=\dimen152
\calc@Bdimen=\dimen153
\calc@Askip=\skip63
\calc@Bskip=\skip64
LaTeX Info: Redefining \setlength on input line 76.
LaTeX Info: Redefining \addtolength on input line 77.
\calc@Ccount=\count141
\calc@Cskip=\skip65
)
("C:\Program Files\MiKTeX 2.9\tex\latex\eso-pic\eso-pic.sty"
Package: eso-pic 2010/10/06 v2.0c eso-pic (RN)
)
("C:\Program Files\MiKTeX 2.9\tex\latex\pdfpages\pppdftex.def"
File: pppdftex.def 2012/08/31 v0.4t Pdfpages driver for pdfTeX (AM)
)
\AM@pagebox=\box63
\AM@toc@title=\toks31
\c@AM@survey=\count142
\AM@templatesizebox=\box64
)
("C:\Program Files\MiKTeX 2.9\tex\latex\subfigure\subfigure.sty"
Package: subfigure 2002/07/30 v2.1.4 subfigure package
\subfigtopskip=\skip66
\subfigcapskip=\skip67
\subfigcaptopadj=\dimen154
\subfigbottomskip=\skip68
\subfigcapmargin=\dimen155
\subfiglabelskip=\skip69
\c@subfigure=\count143
\c@lofdepth=\count144
\c@subtable=\count145
\c@lotdepth=\count146

****************************************
* Local config file subfigure.cfg used *
****************************************
("C:\Program Files\MiKTeX 2.9\tex\latex\subfigure\subfigure.cfg")
\subfig@top=\skip70
\subfig@bottom=\skip71
)
("C:\Program Files\MiKTeX 2.9\tex\latex\oberdiek\hypcap.sty"
Package: hypcap 2011/02/16 v1.11 Adjusting the anchors of captions (HO)
)
("C:\Program Files\MiKTeX 2.9\tex\latex\algorithms\algorithm.sty"
Package: algorithm 2009/08/24 v0.1 Document Style `algorithm' - floating enviro
nment
\@float@every@algorithm=\toks32
\c@algorithm=\count147
)
("C:\Program Files\MiKTeX 2.9\tex\latex\listings\listings.sty"
\lst@mode=\count148
\lst@gtempboxa=\box65
\lst@token=\toks33
\lst@length=\count149
\lst@currlwidth=\dimen156
\lst@column=\count150
\lst@pos=\count151
\lst@lostspace=\dimen157
\lst@width=\dimen158
\lst@newlines=\count152
\lst@lineno=\count153
\lst@maxwidth=\dimen159

("C:\Program Files\MiKTeX 2.9\tex\latex\listings\lstmisc.sty"
File: lstmisc.sty 2007/02/22 1.4 (Carsten Heinz)
\c@lstnumber=\count154
\lst@skipnumbers=\count155
\lst@framebox=\box66
)
("C:\Program Files\MiKTeX 2.9\tex\latex\listings\listings.cfg"
File: listings.cfg 2007/02/22 1.4 listings configuration
))
Package: listings 2007/02/22 1.4 (Carsten Heinz)

("C:\Program Files\MiKTeX 2.9\tex\latex\listings\lstlang1.sty"
File: lstlang1.sty 2004/09/05 1.3 listings language file
)
("C:\Program Files\MiKTeX 2.9\tex\latex\listings\lstlang1.sty"
File: lstlang1.sty 2004/09/05 1.3 listings language file
)
("C:\Program Files\MiKTeX 2.9\tex\latex\listings\lstmisc.sty"
File: lstmisc.sty 2007/02/22 1.4 (Carsten Heinz)
)
LaTeX Font Info:    Try loading font information for T1+ppl on input line 82.

("C:\Program Files\MiKTeX 2.9\tex\latex\psnfss\t1ppl.fd"
File: t1ppl.fd 2001/06/04 font definitions for T1/ppl.
)
Package typearea Info: These are the values describing the layout:
(typearea)             DIV  = 14
(typearea)             BCOR = 0.0pt
(typearea)             \paperwidth      = 597.50793pt
(typearea)              \textwidth      = 469.47052pt
(typearea)              DIV departure   = -5%
(typearea)              \evensidemargin = -8.25128pt
(typearea)              \oddsidemargin  = -8.25128pt
(typearea)             \paperheight     = 845.04694pt
(typearea)              \textheight     = 623.81168pt
(typearea)              \topmargin      = -11.9095pt
(typearea)              \headheight     = 22.49307pt
(typearea)              \headsep        = 26.99168pt
(typearea)              \topskip        = 12.0pt
(typearea)              \footskip       = 62.9806pt
(typearea)              \baselineskip   = 17.99446pt
(typearea)              on input line 82.
)
(D:\Studium\Master\Masterarbeit\Latex\thesis.aux

LaTeX Warning: Label `fig:objektausdehnung' multiply defined.

)
LaTeX Font Info:    Checking defaults for OML/cmm/m/it on input line 3.
LaTeX Font Info:    ... okay on input line 3.
LaTeX Font Info:    Checking defaults for T1/cmr/m/n on input line 3.
LaTeX Font Info:    ... okay on input line 3.
LaTeX Font Info:    Checking defaults for OT1/cmr/m/n on input line 3.
LaTeX Font Info:    ... okay on input line 3.
LaTeX Font Info:    Checking defaults for OMS/cmsy/m/n on input line 3.
LaTeX Font Info:    ... okay on input line 3.
LaTeX Font Info:    Checking defaults for OMX/cmex/m/n on input line 3.
LaTeX Font Info:    ... okay on input line 3.
LaTeX Font Info:    Checking defaults for U/cmr/m/n on input line 3.
LaTeX Font Info:    ... okay on input line 3.
LaTeX Font Info:    Checking defaults for PD1/pdf/m/n on input line 3.
LaTeX Font Info:    ... okay on input line 3.
\AtBeginShipoutBox=\box67
Package hyperref Info: Link coloring OFF on input line 3.
 ("C:\Program Files\MiKTeX 2.9\tex\latex\hyperref\nameref.sty"
Package: nameref 2012/10/27 v2.43 Cross-referencing by name of section

("C:\Program Files\MiKTeX 2.9\tex\generic\oberdiek\gettitlestring.sty"
Package: gettitlestring 2010/12/03 v1.4 Cleanup title references (HO)
)
\c@section@level=\count156
)
LaTeX Info: Redefining \ref on input line 3.
LaTeX Info: Redefining \pageref on input line 3.
LaTeX Info: Redefining \nameref on input line 3.

(D:\Studium\Master\Masterarbeit\Latex\thesis.out)
(D:\Studium\Master\Masterarbeit\Latex\thesis.out)
\@outlinefile=\write3
LaTeX Info: Redefining \microtypecontext on input line 3.
Package microtype Info: Generating PDF output.
Package microtype Info: Character protrusion enabled (level 2).
Package microtype Info: Using default protrusion set `alltext'.
Package microtype Info: Automatic font expansion enabled (level 2),
(microtype)             stretch: 20, shrink: 20, step: 1, non-selected.
Package microtype Info: Using default expansion set `basictext'.
Package microtype Info: No adjustment of tracking.
Package microtype Info: No adjustment of interword spacing.
Package microtype Info: No adjustment of character kerning.

("C:\Program Files\MiKTeX 2.9\tex\latex\microtype\mt-ppl.cfg"
File: mt-ppl.cfg 2005/11/16 v1.6 microtype config. file: Palatino (RS)
)
("C:\Program Files\MiKTeX 2.9\tex\context\base\supp-pdf.mkii"
[Loading MPS to PDF converter (version 2006.09.02).]
\scratchcounter=\count157
\scratchdimen=\dimen160
\scratchbox=\box68
\nofMPsegments=\count158
\nofMParguments=\count159
\everyMPshowfont=\toks34
\MPscratchCnt=\count160
\MPscratchDim=\dimen161
\MPnumerator=\count161
\makeMPintoPDFobject=\count162
\everyMPtoPDFconversion=\toks35
)

bibgerm.sty: babel.sty detected

\c@lstlisting=\count163
(D:\Studium\Master\Masterarbeit\Latex\Deckblatt.tex
<bilder/FHM_T_CO.png, id=176, 367.1316pt x 138.2766pt>
File: bilder/FHM_T_CO.png Graphic file (type png)

<use bilder/FHM_T_CO.png>
Package pdftex.def Info: bilder/FHM_T_CO.png used on input line 5.
(pdftex.def)             Requested size: 183.56534pt x 69.13812pt.
LaTeX Font Info:    Font shape `T1/ppl/bx/n' in size <17.28> not available
(Font)              Font shape `T1/ppl/b/n' tried instead on input line 14.
 [1



{C:/ProgramData/MiKTeX/2.9/pdftex/config/pdftex.map} <D:/Studium/Master/Mastera
rbeit/Latex/bilder/FHM_T_CO.png (PNG copy)>])
<bilder/aufgabenstellung_01.pdf, id=186, page=1, 597.23125pt x 845.1575pt>
File: bilder/aufgabenstellung_01.pdf Graphic file (type pdf)

<use bilder/aufgabenstellung_01.pdf, page 1>
Package pdftex.def Info: bilder/aufgabenstellung_01.pdf, page1 used on input li
ne 8.
(pdftex.def)             Requested size: 597.22978pt x 845.15544pt.
File: bilder/aufgabenstellung_01.pdf Graphic file (type pdf)

<use bilder/aufgabenstellung_01.pdf, page 1>
Package pdftex.def Info: bilder/aufgabenstellung_01.pdf, page1 used on input li
ne 8.
(pdftex.def)             Requested size: 597.25711pt x 845.19412pt.
File: bilder/aufgabenstellung_01.pdf Graphic file (type pdf)

<use bilder/aufgabenstellung_01.pdf, page 1>
Package pdftex.def Info: bilder/aufgabenstellung_01.pdf, page1 used on input li
ne 8.
(pdftex.def)             Requested size: 597.25711pt x 845.19412pt.
File: bilder/aufgabenstellung_01.pdf Graphic file (type pdf)

<use bilder/aufgabenstellung_01.pdf, page 1>
Package pdftex.def Info: bilder/aufgabenstellung_01.pdf, page1 used on input li
ne 8.
(pdftex.def)             Requested size: 597.25711pt x 845.19412pt.
File: bilder/aufgabenstellung_01.pdf Graphic file (type pdf)

<use bilder/aufgabenstellung_01.pdf, page 1>
Package pdftex.def Info: bilder/aufgabenstellung_01.pdf, page1 used on input li
ne 8.
(pdftex.def)             Requested size: 597.25711pt x 845.19412pt.
 [2

 <D:/Studium/Master/Masterarbeit/Latex/bilder/aufgabenstellung_01.pdf>]
LaTeX Font Info:    Try loading font information for T1+cmss on input line 11.

("C:\Program Files\MiKTeX 2.9\tex\latex\base\t1cmss.fd"
File: t1cmss.fd 1999/05/25 v2.5h Standard LaTeX font definitions
)
Package microtype Info: Loading generic settings for font family
(microtype)             `cmss' (encoding: T1).
(microtype)             For optimal results, create family-specific settings.
(microtype)             See the microtype manual for details.
LaTeX Font Info:    Font shape `T1/ppl/bx/n' in size <24.88> not available
(Font)              Font shape `T1/ppl/b/n' tried instead on input line 11.
 [3


] [4


]
Underfull \hbox (badness 10000) in paragraph at lines 33--34

 []


Underfull \hbox (badness 10000) in paragraph at lines 36--37

 []

[5


]
Package tocbasic Info: character protrusion at toc deactivated on input line 38
.
 (D:\Studium\Master\Masterarbeit\Latex\thesis.toc
LaTeX Font Info:    Try loading font information for OT1+ppl on input line 10.

("C:\Program Files\MiKTeX 2.9\tex\latex\psnfss\ot1ppl.fd"
File: ot1ppl.fd 2001/06/04 font definitions for OT1/ppl.
)
LaTeX Font Info:    Try loading font information for OML+zplm on input line 10.


("C:\Program Files\MiKTeX 2.9\tex\latex\psnfss\omlzplm.fd"
File: omlzplm.fd 2002/09/08 Fontinst v1.914 font definitions for OML/zplm.
)
LaTeX Font Info:    Try loading font information for OMS+zplm on input line 10.


("C:\Program Files\MiKTeX 2.9\tex\latex\psnfss\omszplm.fd"
File: omszplm.fd 2002/09/08 Fontinst v1.914 font definitions for OMS/zplm.
)
LaTeX Font Info:    Try loading font information for OMX+zplm on input line 10.


("C:\Program Files\MiKTeX 2.9\tex\latex\psnfss\omxzplm.fd"
File: omxzplm.fd 2002/09/08 Fontinst v1.914 font definitions for OMX/zplm.
)
LaTeX Font Info:    Try loading font information for OT1+zplm on input line 10.


("C:\Program Files\MiKTeX 2.9\tex\latex\psnfss\ot1zplm.fd"
File: ot1zplm.fd 2002/09/08 Fontinst v1.914 font definitions for OT1/zplm.
)
Package microtype Info: Loading generic settings for font family
(microtype)             `zplm' (encoding: OT1).
(microtype)             For optimal results, create family-specific settings.
(microtype)             See the microtype manual for details.
 [6


])
\tf@toc=\write4
 [7]
Package tocbasic Info: character protrusion at lof deactivated on input line 39
.

(D:\Studium\Master\Masterarbeit\Latex\thesis.lof [8


])
\tf@lof=\write5
 [9]
Package tocbasic Info: character protrusion at lot deactivated on input line 40
.

(D:\Studium\Master\Masterarbeit\Latex\thesis.lot)
\tf@lot=\write6
 [10


]
Kapitel 1.

Class scrreprt Warning: \float@addtolists detected!
(scrreprt)              You should use the features of package `tocbasic'
(scrreprt)              instead of \float@addtolists.
(scrreprt)              Support for \float@addtolists may be removed from
(scrreprt)              `scrreprt' soon .


Overfull \hbox (152.5674pt too wide) in paragraph at lines 46--47
\T1/ppl/m/n/12 (-20) und Qua-li-täts-kon-trol-le im Automobil-, Flugzeug- und S
chie-nen-fahr-zeug-bau. Da-zu [[]]: 
 []

[1


] [2]
Kapitel 2.

Overfull \hbox (55.61148pt too wide) in paragraph at lines 62--67
\T1/ppl/m/n/12 (-20) be-ste-hen die Funk-tio-na-li-tät für Spe-zi-al-fäl-le zu 
er-wei-tern und an-zu-pas-sen. 
 []

[3


]
Kapitel 3.

Overfull \hbox (60.54466pt too wide) in paragraph at lines 77--79
\T1/ppl/m/n/12 (-20) ergibt nach Um-stel-lung der For-mel den Län-gen-aus-deh-n
ungs-ko-ef-fi-zi-en-ten 
 []

[4


] <bilder/ausdehnung.png, id=454, 153.9351pt x 72.27pt>
File: bilder/ausdehnung.png Graphic file (type png)

<use bilder/ausdehnung.png>
Package pdftex.def Info: bilder/ausdehnung.png used on input line 92.
(pdftex.def)             Requested size: 230.90205pt x 108.40471pt.
LaTeX Font Info:    Font shape `T1/ppl/bx/n' in size <10.95> not available
(Font)              Font shape `T1/ppl/b/n' tried instead on input line 93.
LaTeX Font Info:    Try loading font information for OMS+ppl on input line 106.


("C:\Program Files\MiKTeX 2.9\tex\latex\psnfss\omsppl.fd"
File: omsppl.fd 
)
LaTeX Font Info:    Font shape `OMS/ppl/m/n' in size <10.95> not available
(Font)              Font shape `OMS/cmsy/m/n' tried instead on input line 106.
 [5pdfTeX warning (ext4): destination with the same identifier (name{figure.3.1
}) has been already used, duplicate ignored

\AtBegShi@Output ...ipout \box \AtBeginShipoutBox 
                                                  \fi \fi 
l.113 		\item D
               as Messobjekt sollte die Umgebungstemperatur angenommen haben <D
:/Studium/Master/Masterarbeit/Latex/bilder/ausdehnung.png>]
Overfull \hbox (9.32022pt too wide) in paragraph at lines 126--151
 [][] 
 []

[6pdfTeX warning (ext4): destination with the same identifier (name{table.3.1})
 has been already used, duplicate ignored

\AtBegShi@Output ...ipout \box \AtBeginShipoutBox 
                                                  \fi \fi 
l.154 \newpage
              pdfTeX warning (ext4): destination with the same identifier (name
{Hfootnote.6}) has been already used, duplicate ignored

\AtBegShi@Output ...ipout \box \AtBeginShipoutBox 
                                                  \fi \fi 
l.154 \newpage
              ]
Underfull \hbox (badness 10000) in paragraph at lines 156--157

 []

[7]
LaTeX Font Info:    Font shape `T1/ppl/bx/n' in size <12> not available
(Font)              Font shape `T1/ppl/b/n' tried instead on input line 180.

Underfull \hbox (badness 10000) in paragraph at lines 176--189

 []


Underfull \hbox (badness 10000) in paragraph at lines 176--189

 []


Underfull \hbox (badness 10000) in paragraph at lines 176--189

 []


Underfull \hbox (badness 10000) in paragraph at lines 176--189

 []


Underfull \hbox (badness 10000) in paragraph at lines 176--189

 []


Underfull \hbox (badness 10000) in paragraph at lines 190--191

 []

[8]
Overfull \hbox (68.52348pt too wide) in paragraph at lines 210--217
\T1/ppl/m/n/12 (-20) len Fäl-len zur be-rüh-rungs-lo-sen Er-fas-sung der Ob-jek
t-tem-pe-ra-tur ver-wen-det. 
 []

[9pdfTeX warning (ext4): destination with the same identifier (name{table.3.2})
 has been already used, duplicate ignored

\AtBegShi@Output ...ipout \box \AtBeginShipoutBox 
                                                  \fi \fi 
l.217 
      ] [10]
Kapitel 4.
[11


] [12] <bilder/infrarotMessbereich.png, id=544, 167.1846pt x 88.4103pt>
File: bilder/infrarotMessbereich.png Graphic file (type png)

<use bilder/infrarotMessbereich.png>
Package pdftex.def Info: bilder/infrarotMessbereich.png used on input line 255.

(pdftex.def)             Requested size: 334.36835pt x 176.82013pt.
 [13] [14pdfTeX warning (ext4): destination with the same identifier (name{figu
re.4.1}) has been already used, duplicate ignored

\AtBegShi@Output ...ipout \box \AtBeginShipoutBox 
                                                  \fi \fi 
l.263 \chapter
              {Anwendungsbeispiele der Temperaturkompensation}\label{chap:an...
 <D:/Studium/Master/Masterarbeit/Latex/bilder/infrarotMessbereich.png>]
Kapitel 5.
<bilder/Kabinenausdehnung.png, id=563, 122.1363pt x 102.3825pt>
File: bilder/Kabinenausdehnung.png Graphic file (type png)

<use bilder/Kabinenausdehnung.png>
Package pdftex.def Info: bilder/Kabinenausdehnung.png used on input line 277.
(pdftex.def)             Requested size: 244.272pt x 204.7645pt.
 [15


] [16pdfTeX warning (ext4): destination with the same identifier (name{figure.5
.1}) has been already used, duplicate ignored

\AtBegShi@Output ...ipout \box \AtBeginShipoutBox 
                                                  \fi \fi 
l.282 \newpage
               <D:/Studium/Master/Masterarbeit/Latex/bilder/Kabinenausdehnung.p
ng>] [17] <bilder/WMInfrarot.png, id=602, 124.5453pt x 106.7187pt>
File: bilder/WMInfrarot.png Graphic file (type png)

<use bilder/WMInfrarot.png>
Package pdftex.def Info: bilder/WMInfrarot.png used on input line 313.
(pdftex.def)             Requested size: 249.08997pt x 213.43686pt.

Overfull \hbox (18.31097pt too wide) in paragraph at lines 306--321
\T1/ppl/m/n/12 (-20) ist je-doch ab-hän-gig von der Ober-flä-che des Werk-stück
s [[]]. 
 []

[18] [19pdfTeX warning (ext4): destination with the same identifier (name{figur
e.5.2}) has been already used, duplicate ignored

\AtBegShi@Output ...ipout \box \AtBeginShipoutBox 
                                                  \fi \fi 
l.321 
       <D:/Studium/Master/Masterarbeit/Latex/bilder/WMInfrarot.png>] [20]
<bilder/lasertriangulation.png, id=630, 112.9821pt x 125.268pt>
File: bilder/lasertriangulation.png Graphic file (type png)

<use bilder/lasertriangulation.png>
Package pdftex.def Info: bilder/lasertriangulation.png used on input line 338.
(pdftex.def)             Requested size: 169.47272pt x 187.90152pt.

Underfull \hbox (badness 10000) in paragraph at lines 343--345

 []

[21pdfTeX warning (ext4): destination with the same identifier (name{figure.5.3
}) has been already used, duplicate ignored

\AtBegShi@Output ...ipout \box \AtBeginShipoutBox 
                                                  \fi \fi 
l.351 
       <D:/Studium/Master/Masterarbeit/Latex/bilder/lasertriangulation.png>]
[22] <bilder/erwaermungStahlsaeule.png, id=655, 127.4361pt x 112.0185pt>
File: bilder/erwaermungStahlsaeule.png Graphic file (type png)

<use bilder/erwaermungStahlsaeule.png>
Package pdftex.def Info: bilder/erwaermungStahlsaeule.png used on input line 36
1.
(pdftex.def)             Requested size: 191.15366pt x 168.0273pt.

<bilder/temperatureinfluss.png, id=662, 304.2567pt x 35.6532pt>
File: bilder/temperatureinfluss.png Graphic file (type png)

<use bilder/temperatureinfluss.png>
Package pdftex.def Info: bilder/temperatureinfluss.png used on input line 371.
(pdftex.def)             Requested size: 456.38393pt x 53.47963pt.

Overfull \hbox (8.6055pt too wide) in paragraph at lines 378--387
\T1/ppl/m/n/12 (-20) nau zu er-fas-sen. Mo-der-ne In-fra-rot-sen-so-ren bie-ten
 hier-zu Ge-nau-ig-kei-ten von $\OMS/zplm/m/n/12 \OT1/ppl/m/n/12 (-20) 0.01[][
]$\T1/ppl/m/n/12 (-20) [[]].
 []

[23pdfTeX warning (ext4): destination with the same identifier (name{figure.5.4
}) has been already used, duplicate ignored

\AtBegShi@Output ...ipout \box \AtBeginShipoutBox 
                                                  \fi \fi 
l.387 
      pdfTeX warning (ext4): destination with the same identifier (name{figure.
5.5}) has been already used, duplicate ignored

\AtBegShi@Output ...ipout \box \AtBeginShipoutBox 
                                                  \fi \fi 
l.387 
       <D:/Studium/Master/Masterarbeit/Latex/bilder/erwaermungStahlsaeule.png> 
<D:/Studium/Master/Masterarbeit/Latex/bilder/temperatureinfluss.png>] [24]
Overfull \hbox (28.05327pt too wide) in paragraph at lines 390--395
\T1/ppl/m/n/12 (-20) den ak-tu-el-len Ver-öf-fent-li-chun-gen nicht er-ar-bei-t
en und her-vor-he-ben. 
 []

[25] [26]
Kapitel 6.

Overfull \hbox (12.37834pt too wide) in paragraph at lines 398--399
\T1/ppl/m/n/12 (-20) Open-In-dy, in wel-che die Funk-tio-na-li-tä-ten im-ple-me
n-tiert wer-den. 
 []

<bilder/transformationsverkettung.png, id=702, 722.7pt x 542.025pt>
File: bilder/transformationsverkettung.png Graphic file (type png)

<use bilder/transformationsverkettung.png>
Package pdftex.def Info: bilder/transformationsverkettung.png used on input lin
e 415.
(pdftex.def)             Requested size: 361.3491pt x 271.01183pt.
 [27


]
Overfull \hbox (7.94395pt too wide) in paragraph at lines 418--425
[]\T1/ppl/m/n/12 (-20) 6.2[] und []6.3[] ge-zeigt und in den Ka-pi-teln []7.3[]
 und []8[] nä-her er-läu-tert. 
 []

[28pdfTeX warning (ext4): destination with the same identifier (name{figure.6.1
}) has been already used, duplicate ignored

\AtBegShi@Output ...ipout \box \AtBeginShipoutBox 
                                                  \fi \fi 
l.425 
       <D:/Studium/Master/Masterarbeit/Latex/bilder/transformationsverkettung.p
ng>]
<UMLDiagramme/einmessen6paramSequenzUML.png, id=721, 797.98125pt x 526.96875pt>
File: UMLDiagramme/einmessen6paramSequenzUML.png Graphic file (type png)
<use UMLDiagramme/einmessen6paramSequenzUML.png>
Package pdftex.def Info: UMLDiagramme/einmessen6paramSequenzUML.png used on inp
ut line 429.
(pdftex.def)             Requested size: 398.98964pt x 263.48372pt.
 [29]
<UMLDiagramme/einmessenMitMassstabSequenzUML.png, id=729, 757.83125pt x 667.493
74pt>
File: UMLDiagramme/einmessenMitMassstabSequenzUML.png Graphic file (type png)
 <use UMLDiagramme/einmessenMitMassstabSequenzUML.png>
Package pdftex.def Info: UMLDiagramme/einmessenMitMassstabSequenzUML.png used o
n input line 439.
(pdftex.def)             Requested size: 378.9147pt x 333.74606pt.
 [30pdfTeX warning (ext4): destination with the same identifier (name{figure.6.
2}) has been already used, duplicate ignored

\AtBegShi@Output ...ipout \box \AtBeginShipoutBox 
                                                  \fi \fi 
l.442 
       <D:/Studium/Master/Masterarbeit/Latex/UMLDiagramme/einmessen6paramSequen
zUML.png (PNG copy)>] [31pdfTeX warning (ext4): destination with the same ident
ifier (name{figure.6.3}) has been already used, duplicate ignored

\AtBegShi@Output ...ipout \box \AtBeginShipoutBox 
                                                  \fi \fi 
l.451 \end{equation}
                     <D:/Studium/Master/Masterarbeit/Latex/UMLDiagramme/einmess
enMitMassstabSequenzUML.png (PNG copy)>]
Overfull \hbox (9.73659pt too wide) in paragraph at lines 451--454
\T1/ppl/m/n/12 (-20) zu-stand Tn die Glei-chung zur Kom-pen-sa-ti-on wie folgt 
aus-se-hen. 
 []


Underfull \hbox (badness 10000) in paragraph at lines 469--472

 []

[32]
LaTeX Font Info:    Font shape `T1/ppl/bx/n' in size <14.4> not available
(Font)              Font shape `T1/ppl/b/n' tried instead on input line 477.

Overfull \hbox (12.09778pt too wide) in paragraph at lines 479--482
\T1/ppl/m/n/12 (-20) zur Kom-pen-sa-ti-on der Aus-deh-nung ist auch in [[]] zu 
fin-den. 
 []

[33]
Underfull \hbox (badness 10000) in paragraph at lines 488--489

 []

<FreeCADDaten/UrsprungEcke/axometrisch.png, id=766, 210.5466pt x 125.0271pt>
File: FreeCADDaten/UrsprungEcke/axometrisch.png Graphic file (type png)

<use FreeCADDaten/UrsprungEcke/axometrisch.png>
Package pdftex.def Info: FreeCADDaten/UrsprungEcke/axometrisch.png used on inpu
t line 493.
(pdftex.def)             Requested size: 230.04312pt x 136.61258pt.

<FreeCADDaten/UrsprungEcke/vorderansicht.png, id=767, 248.3679pt x 106.9596pt>
File: FreeCADDaten/UrsprungEcke/vorderansicht.png Graphic file (type png)

<use FreeCADDaten/UrsprungEcke/vorderansicht.png>
Package pdftex.def Info: FreeCADDaten/UrsprungEcke/vorderansicht.png used on in
put line 494.
(pdftex.def)             Requested size: 230.04312pt x 99.06989pt.

<FreeCADDaten/UrsprungEcke/oberansicht.png, id=768, 214.1601pt x 115.1502pt>
File: FreeCADDaten/UrsprungEcke/oberansicht.png Graphic file (type png)

<use FreeCADDaten/UrsprungEcke/oberansicht.png>
Package pdftex.def Info: FreeCADDaten/UrsprungEcke/oberansicht.png used on inpu
t line 495.
(pdftex.def)             Requested size: 230.04312pt x 123.69092pt.
 [34] [35pdfTeX warning (ext4): destination with the same identifier (name{figu
re.6.4}) has been already used, duplicate ignored

\AtBegShi@Output ...ipout \box \AtBeginShipoutBox 
                                                  \fi \fi 
l.502 
       <D:/Studium/Master/Masterarbeit/Latex/FreeCADDaten/UrsprungEcke/axometri
sch.png> <D:/Studium/Master/Masterarbeit/Latex/FreeCADDaten/UrsprungEcke/vorder
ansicht.png> <D:/Studium/Master/Masterarbeit/Latex/FreeCADDaten/UrsprungEcke/ob
eransicht.png>]
<FreeCADDaten/UrsprungMitte/axometrisch.png, id=787, 212.9556pt x 127.4361pt>
File: FreeCADDaten/UrsprungMitte/axometrisch.png Graphic file (type png)

<use FreeCADDaten/UrsprungMitte/axometrisch.png>
Package pdftex.def Info: FreeCADDaten/UrsprungMitte/axometrisch.png used on inp
ut line 506.
(pdftex.def)             Requested size: 230.04312pt x 137.66197pt.

<FreeCADDaten/UrsprungMitte/vorderansicht.png, id=788, 250.2951pt x 108.405pt>
File: FreeCADDaten/UrsprungMitte/vorderansicht.png Graphic file (type png)

<use FreeCADDaten/UrsprungMitte/vorderansicht.png>
Package pdftex.def Info: FreeCADDaten/UrsprungMitte/vorderansicht.png used on i
nput line 507.
(pdftex.def)             Requested size: 230.04312pt x 99.63785pt.

<FreeCADDaten/UrsprungMitte/oberansicht.png, id=789, 198.9834pt x 112.7412pt>
File: FreeCADDaten/UrsprungMitte/oberansicht.png Graphic file (type png)

<use FreeCADDaten/UrsprungMitte/oberansicht.png>
Package pdftex.def Info: FreeCADDaten/UrsprungMitte/oberansicht.png used on inp
ut line 508.
(pdftex.def)             Requested size: 230.04312pt x 130.34807pt.

Underfull \hbox (badness 10000) in paragraph at lines 516--517

 []

[36pdfTeX warning (ext4): destination with the same identifier (name{figure.6.5
}) has been already used, duplicate ignored

\AtBegShi@Output ...ipout \box \AtBeginShipoutBox 
                                                  \fi \fi 
l.517 
       <D:/Studium/Master/Masterarbeit/Latex/FreeCADDaten/UrsprungMitte/axometr
isch.png> <D:/Studium/Master/Masterarbeit/Latex/FreeCADDaten/UrsprungMitte/vord
eransicht.png> <D:/Studium/Master/Masterarbeit/Latex/FreeCADDaten/UrsprungMitte
/oberansicht.png>]
<bilder/datumtransformation.png, id=802, 231.264pt x 173.448pt>
File: bilder/datumtransformation.png Graphic file (type png)

<use bilder/datumtransformation.png>
Package pdftex.def Info: bilder/datumtransformation.png used on input line 525.

(pdftex.def)             Requested size: 370.02289pt x 277.51717pt.


LaTeX Warning: `h' float specifier changed to `ht'.

[37]
Package hyperref Info: bookmark level for unknown lstlisting defaults to 0 on i
nput line 532.
LaTeX Font Info:    Font shape `OMS/ppl/m/n' in size <6> not available
(Font)              Font shape `OMS/cmsy/m/n' tried instead on input line 534.
 [38pdfTeX warning (ext4): destination with the same identifier (name{figure.6.
6}) has been already used, duplicate ignored

\AtBegShi@Output ...ipout \box \AtBeginShipoutBox 
                                                  \fi \fi 
l.560                        trafoMat 
                                      = tt*ttp; <D:/Studium/Master/Masterarbeit
/Latex/bilder/datumtransformation.png>]
LaTeX Font Info:    Try loading font information for T1+cmtt on input line 565.


("C:\Program Files\MiKTeX 2.9\tex\latex\base\t1cmtt.fd"
File: t1cmtt.fd 1999/05/25 v2.5h Standard LaTeX font definitions
)
Package microtype Info: Loading generic settings for font family
(microtype)             `cmtt' (encoding: T1).
(microtype)             For optimal results, create family-specific settings.
(microtype)             See the microtype manual for details.

Underfull \hbox (badness 10000) in paragraph at lines 565--566

 []

LaTeX Font Info:    Font shape `OMS/ppl/m/n' in size <12> not available
(Font)              Font shape `OMS/cmsy/m/n' tried instead on input line 567.

Underfull \hbox (badness 10000) in paragraph at lines 573--574

 []

[39]
Kapitel 7.

Underfull \hbox (badness 10000) in paragraph at lines 586--587

 []

[40


]
Underfull \hbox (badness 10000) in paragraph at lines 600--600
[][][][]$\T1/cmtt/m/n/10 https : / / github . com / OpenIndy / OpenIndy / blob 
/ jens _ masterthesis / controller / featureupdater .$
 []


Underfull \hbox (badness 10000) in paragraph at lines 602--602
[][][][]$\T1/cmtt/m/n/10 https : / / github . com / OpenIndy / OpenIndy / blob 
/ jens _ masterthesis / controller / trafocontroller .$
 []

[41] [42] [43]
<FreeCADDaten/objektausdehnung.png, id=953, 195.6108pt x 118.2819pt>
File: FreeCADDaten/objektausdehnung.png Graphic file (type png)

<use FreeCADDaten/objektausdehnung.png>
Package pdftex.def Info: FreeCADDaten/objektausdehnung.png used on input line 6
88.
(pdftex.def)             Requested size: 230.04312pt x 139.10216pt.

<FreeCADDaten/objektausdehnung2.png, id=954, 248.3679pt x 106.7187pt>
File: FreeCADDaten/objektausdehnung2.png Graphic file (type png)

<use FreeCADDaten/objektausdehnung2.png>
Package pdftex.def Info: FreeCADDaten/objektausdehnung2.png used on input line 
689.
(pdftex.def)             Requested size: 230.04312pt x 98.84677pt.


LaTeX Warning: `h' float specifier changed to `ht'.


Underfull \hbox (badness 10000) in paragraph at lines 694--695

 []

[44] <UMLDiagramme/einmessen6paramUML.png, id=970, 818.05624pt x 386.44376pt>
File: UMLDiagramme/einmessen6paramUML.png Graphic file (type png)

<use UMLDiagramme/einmessen6paramUML.png>
Package pdftex.def Info: UMLDiagramme/einmessen6paramUML.png used on input line
 703.
(pdftex.def)             Requested size: 409.02711pt x 193.2214pt.
 [45pdfTeX warning (ext4): destination with the same identifier (name{figure.7.
1}) has been already used, duplicate ignored

\AtBegShi@Output ...ipout \box \AtBeginShipoutBox 
                                                  \fi \fi 
l.706 
       <D:/Studium/Master/Masterarbeit/Latex/FreeCADDaten/objektausdehnung.png>
 <D:/Studium/Master/Masterarbeit/Latex/FreeCADDaten/objektausdehnung2.png>]
<UMLDiagramme/erfassungAusdehnungTemperaturUML.png, id=983, 547.04375pt x 366.3
6874pt>
File: UMLDiagramme/erfassungAusdehnungTemperaturUML.png Graphic file (type png)

 <use UMLDiagramme/erfassungAusdehnungTemperaturUML.png>
Package pdftex.def Info: UMLDiagramme/erfassungAusdehnungTemperaturUML.png used
 on input line 712.
(pdftex.def)             Requested size: 273.5212pt x 183.18391pt.

<UMLDiagramme/einmessenMitMassstabUML.png, id=987, 727.71875pt x 366.36874pt>
File: UMLDiagramme/einmessenMitMassstabUML.png Graphic file (type png)

<use UMLDiagramme/einmessenMitMassstabUML.png>
Package pdftex.def Info: UMLDiagramme/einmessenMitMassstabUML.png used on input
 line 723.
(pdftex.def)             Requested size: 363.85847pt x 183.18391pt.
 [46pdfTeX warning (ext4): destination with the same identifier (name{figure.7.
2}) has been already used, duplicate ignored

\AtBegShi@Output ...ipout \box \AtBeginShipoutBox 
                                                  \fi \fi 
l.726 
      pdfTeX warning (ext4): destination with the same identifier (name{figure.
7.3}) has been already used, duplicate ignored

\AtBegShi@Output ...ipout \box \AtBeginShipoutBox 
                                                  \fi \fi 
l.726 
       <D:/Studium/Master/Masterarbeit/Latex/UMLDiagramme/einmessen6paramUML.pn
g (PNG copy)> <D:/Studium/Master/Masterarbeit/Latex/UMLDiagramme/erfassungAusde
hnungTemperaturUML.png (PNG copy)>]
<UMLDiagramme/erfassungAusdehnungTransformation.png, id=995, 567.11874pt x 396.
48125pt>
File: UMLDiagramme/erfassungAusdehnungTransformation.png Graphic file (type png
)
 <use UMLDiagramme/erfassungAusdehnungTransformation.png>
Package pdftex.def Info: UMLDiagramme/erfassungAusdehnungTransformation.png use
d on input line 732.
(pdftex.def)             Requested size: 283.55867pt x 198.24013pt.


LaTeX Warning: `h' float specifier changed to `ht'.

[47pdfTeX warning (ext4): destination with the same identifier (name{figure.7.4
}) has been already used, duplicate ignored

\AtBegShi@Output ...ipout \box \AtBeginShipoutBox 
                                                  \fi \fi 
l.741 ...on Temperatur und Material},captionpos=t]
                                                   <D:/Studium/Master/Masterarb
eit/Latex/UMLDiagramme/einmessenMitMassstabUML.png (PNG copy)>]
<bilder/standardverfahren.png, id=1003, 196.5744pt x 153.6942pt>
File: bilder/standardverfahren.png Graphic file (type png)

<use bilder/standardverfahren.png>
Package pdftex.def Info: bilder/standardverfahren.png used on input line 749.
(pdftex.def)             Requested size: 393.14783pt x 307.3876pt.

Underfull \hbox (badness 10000) in paragraph at lines 750--750
[] []\T1/ppl/m/n/10.95 (+20) Eingabe der Pa-ra-me-ter des Stan-dard-ver-fah-ren
s zur
 []

[48pdfTeX warning (ext4): destination with the same identifier (name{figure.7.5
}) has been already used, duplicate ignored

\AtBegShi@Output ...ipout \box \AtBeginShipoutBox 
                                                  \fi \fi 
l.752 
       <D:/Studium/Master/Masterarbeit/Latex/UMLDiagramme/erfassungAusdehnungTr
ansformation.png (PNG copy)>] [49pdfTeX warning (ext4): destination with the sa
me identifier (name{figure.7.6}) has been already used, duplicate ignored

\AtBegShi@Output ...ipout \box \AtBeginShipoutBox 
                                                  \fi \fi 
l.775     static 
                 double getExpansionCoefficient(QString material); <D:/Studium/
Master/Masterarbeit/Latex/bilder/standardverfahren.png>] [50]
Underfull \hbox (badness 10000) in paragraph at lines 842--843

 []

[51]
Underfull \hbox (badness 10000) in paragraph at lines 866--867

 []

[52]
Overfull \hbox (94.7693pt too wide) in paragraph at lines 937--941
\T1/ppl/m/n/12 (-20) ent-hal-ten. Der funk-tio-na-le Zu-sam-men-hang die-ser Tr
ans-for-ma-ti-on er-gibt sich aus 
 []

[53] [54]
Underfull \hbox (badness 10000) in paragraph at lines 1006--1010

 []

[55] [56] [57]
Kapitel 8.
<bilder/objektursprungecke.png, id=1321, 498.1812pt x 244.7544pt>
File: bilder/objektursprungecke.png Graphic file (type png)

<use bilder/objektursprungecke.png>
Package pdftex.def Info: bilder/objektursprungecke.png used on input line 1091.

(pdftex.def)             Requested size: 398.5455pt x 195.80377pt.
 [58


]
<bilder/sensorconfig.png, id=1330, 124.3044pt x 137.313pt>
File: bilder/sensorconfig.png Graphic file (type png)

<use bilder/sensorconfig.png>
Package pdftex.def Info: bilder/sensorconfig.png used on input line 1103.
(pdftex.def)             Requested size: 248.60815pt x 274.6253pt.


LaTeX Warning: `h' float specifier changed to `ht'.

[59pdfTeX warning (ext4): destination with the same identifier (name{figure.8.1
}) has been already used, duplicate ignored

\AtBegShi@Output ...ipout \box \AtBeginShipoutBox 
                                                  \fi \fi 
l.1111 
        <D:/Studium/Master/Masterarbeit/Latex/bilder/objektursprungecke.png>]
<bilder/Testmessung/ursprungecke/trafoParamausdehnung1ohnecomp.png, id=1344, 26
8.8444pt x 11.5632pt>
File: bilder/Testmessung/ursprungecke/trafoParamausdehnung1ohnecomp.png Graphic
 file (type png)

<use bilder/Testmessung/ursprungecke/trafoParamausdehnung1ohnecomp.png>
Package pdftex.def Info: bilder/Testmessung/ursprungecke/trafoParamausdehnung1o
hnecomp.png used on input line 1115.
(pdftex.def)             Requested size: 457.03355pt x 19.65735pt.

[60pdfTeX warning (ext4): destination with the same identifier (name{figure.8.2
}) has been already used, duplicate ignored

\AtBegShi@Output ...ipout \box \AtBeginShipoutBox 
                                                  \fi \fi 
l.1117 \end{figure}
                    <D:/Studium/Master/Masterarbeit/Latex/bilder/sensorconfig.p
ng>]
Overfull \hbox (13.38156pt too wide) in paragraph at lines 1119--1120
\T1/ppl/m/n/12 (-20) ti-on in die-ser Mes-sung auf die Trans-la-ti-on der z Kom
-po-nen-te aus. 
 []


<bilder/Testmessung/ursprungecke/trafoParamausdehnung1.png, id=1351, 268.8444pt
 x 17.1039pt>
File: bilder/Testmessung/ursprungecke/trafoParamausdehnung1.png Graphic file (t
ype png)
 <use bilder/Testmessung/ursprungecke/trafoParamausdehnung1.png>
Package pdftex.def Info: bilder/Testmessung/ursprungecke/trafoParamausdehnung1.
png used on input line 1124.
(pdftex.def)             Requested size: 457.03355pt x 29.07646pt.

Overfull \hbox (55.16989pt too wide) in paragraph at lines 1128--1129
\T1/ppl/m/n/12 (-20) scho-ben, was sich in den Trans-la-tio-nen der Trans-for-m
a-ti-on wi-der-spie-gelt. 
 []


<bilder/Testmessung/ursprungecke/trafoParamausdehnung1ausdurspr.png, id=1352, 2
69.5671pt x 16.6221pt>
File: bilder/Testmessung/ursprungecke/trafoParamausdehnung1ausdurspr.png Graphi
c file (type png)

<use bilder/Testmessung/ursprungecke/trafoParamausdehnung1ausdurspr.png>
Package pdftex.def Info: bilder/Testmessung/ursprungecke/trafoParamausdehnung1a
usdurspr.png used on input line 1133.
(pdftex.def)             Requested size: 458.26212pt x 28.25742pt.

[61pdfTeX warning (ext4): destination with the same identifier (name{figure.8.3
}) has been already used, duplicate ignored

\AtBegShi@Output ...ipout \box \AtBeginShipoutBox 
                                                  \fi \fi 
l.1140 \newpage
               pdfTeX warning (ext4): destination with the same identifier (nam
e{figure.8.4}) has been already used, duplicate ignored

\AtBegShi@Output ...ipout \box \AtBeginShipoutBox 
                                                  \fi \fi 
l.1140 \newpage
               pdfTeX warning (ext4): destination with the same identifier (nam
e{figure.8.5}) has been already used, duplicate ignored

\AtBegShi@Output ...ipout \box \AtBeginShipoutBox 
                                                  \fi \fi 
l.1140 \newpage
                <D:/Studium/Master/Masterarbeit/Latex/bilder/Testmessung/urspru
ngecke/trafoParamausdehnung1ohnecomp.png> <D:/Studium/Master/Masterarbeit/Latex
/bilder/Testmessung/ursprungecke/trafoParamausdehnung1.png> <D:/Studium/Master/
Masterarbeit/Latex/bilder/Testmessung/ursprungecke/trafoParamausdehnung1ausdurs
pr.png>]
<bilder/Testmessung/ursprungecke/koordsausdehnung1ohnecomp.png, id=1361, 275.34
87pt x 124.3044pt>
File: bilder/Testmessung/ursprungecke/koordsausdehnung1ohnecomp.png Graphic fil
e (type png)

<use bilder/Testmessung/ursprungecke/koordsausdehnung1ohnecomp.png>
Package pdftex.def Info: bilder/Testmessung/ursprungecke/koordsausdehnung1ohnec
omp.png used on input line 1144.
(pdftex.def)             Requested size: 468.09076pt x 211.31654pt.

<bilder/Testmessung/ursprungecke/koordsausdehnung1.png, id=1363, 275.5896pt x 1
24.5453pt>
File: bilder/Testmessung/ursprungecke/koordsausdehnung1.png Graphic file (type 
png)
 <use bilder/Testmessung/ursprungecke/koordsausdehnung1.png>
Package pdftex.def Info: bilder/Testmessung/ursprungecke/koordsausdehnung1.png 
used on input line 1153.
(pdftex.def)             Requested size: 468.5003pt x 211.72609pt.

Underfull \hbox (badness 10000) in paragraph at lines 1154--1154
[] []\T1/ppl/m/n/10.95 (+20) Restklaffen der zum Ko-or-di-na-tenur-sprung kom-p
en-sier-ten
 []

[62pdfTeX warning (ext4): destination with the same identifier (name{figure.8.6
}) has been already used, duplicate ignored

\AtBegShi@Output ...ipout \box \AtBeginShipoutBox 
                                                  \fi \fi 
l.1156 
        <D:/Studium/Master/Masterarbeit/Latex/bilder/Testmessung/ursprungecke/k
oordsausdehnung1ohnecomp.png>]
<bilder/Testmessung/ursprungecke/trafoParamausdehnung2.png, id=1372, 291.2481pt
 x 22.6446pt>
File: bilder/Testmessung/ursprungecke/trafoParamausdehnung2.png Graphic file (t
ype png)
 <use bilder/Testmessung/ursprungecke/trafoParamausdehnung2.png>
Package pdftex.def Info: bilder/Testmessung/ursprungecke/trafoParamausdehnung2.
png used on input line 1162.
(pdftex.def)             Requested size: 465.99757pt x 36.2314pt.

Underfull \hbox (badness 10000) in paragraph at lines 1163--1163
[] []\T1/ppl/m/n/10.95 (+20) Transformationsparameter für $\OT1/ppl/m/n/10.95 (
+20) 30[][]$ \T1/ppl/m/n/10.95 (+20) mit Kor-rek-tur zum
 []


<bilder/Testmessung/ursprungecke/koordsausdehnung2.png, id=1373, 132.495pt x 89
.8557pt>
File: bilder/Testmessung/ursprungecke/koordsausdehnung2.png Graphic file (type 
png)
 <use bilder/Testmessung/ursprungecke/koordsausdehnung2.png>
Package pdftex.def Info: bilder/Testmessung/ursprungecke/koordsausdehnung2.png 
used on input line 1171.
(pdftex.def)             Requested size: 264.98932pt x 179.71094pt.
 [63pdfTeX warning (ext4): destination with the same identifier (name{figure.8.
7}) has been already used, duplicate ignored

\AtBegShi@Output ...ipout \box \AtBeginShipoutBox 
                                                  \fi \fi 
l.1173 \end{figure}
                   pdfTeX warning (ext4): destination with the same identifier 
(name{figure.8.8}) has been already used, duplicate ignored

\AtBegShi@Output ...ipout \box \AtBeginShipoutBox 
                                                  \fi \fi 
l.1173 \end{figure}
                    <D:/Studium/Master/Masterarbeit/Latex/bilder/Testmessung/ur
sprungecke/koordsausdehnung1.png> <D:/Studium/Master/Masterarbeit/Latex/bilder/
Testmessung/ursprungecke/trafoParamausdehnung2.png>]
<bilder/Testmessung/ursprungecke/trafoParamausdehnung2ausdurspr.png, id=1381, 2
95.1025pt x 22.1628pt>
File: bilder/Testmessung/ursprungecke/trafoParamausdehnung2ausdurspr.png Graphi
c file (type png)

<use bilder/Testmessung/ursprungecke/trafoParamausdehnung2ausdurspr.png>
Package pdftex.def Info: bilder/Testmessung/ursprungecke/trafoParamausdehnung2a
usdurspr.png used on input line 1179.
(pdftex.def)             Requested size: 442.65263pt x 33.2441pt.

Underfull \hbox (badness 7099) in paragraph at lines 1180--1180
[] []\T1/ppl/m/n/10.95 (+20) Transformationsparameter bei Aus-deh-nungs-ur-spru
ng x=5m,
 []


<bilder/Testmessung/ursprungecke/koordsausdehnung2ausdurspr.png, id=1382, 132.2
541pt x 88.8921pt>
File: bilder/Testmessung/ursprungecke/koordsausdehnung2ausdurspr.png Graphic fi
le (type png)

<use bilder/Testmessung/ursprungecke/koordsausdehnung2ausdurspr.png>
Package pdftex.def Info: bilder/Testmessung/ursprungecke/koordsausdehnung2ausdu
rspr.png used on input line 1188.
(pdftex.def)             Requested size: 264.50754pt x 177.78375pt.
 [64pdfTeX warning (ext4): destination with the same identifier (name{figure.8.
9}) has been already used, duplicate ignored

\AtBegShi@Output ...ipout \box \AtBeginShipoutBox 
                                                  \fi \fi 
l.1191 
       pdfTeX warning (ext4): destination with the same identifier (name{figure
.8.10}) has been already used, duplicate ignored

\AtBegShi@Output ...ipout \box \AtBeginShipoutBox 
                                                  \fi \fi 
l.1191 
        <D:/Studium/Master/Masterarbeit/Latex/bilder/Testmessung/ursprungecke/k
oordsausdehnung2.png> <D:/Studium/Master/Masterarbeit/Latex/bilder/Testmessung/
ursprungecke/trafoParamausdehnung2ausdurspr.png>]
Underfull \hbox (badness 10000) in paragraph at lines 1192--1194

 []


<bilder/Testmessung/ursprungecke/trafoParamausdehnung2ausdursprnahe.png, id=139
0, 294.8616pt x 22.4037pt>
File: bilder/Testmessung/ursprungecke/trafoParamausdehnung2ausdursprnahe.png Gr
aphic file (type png)

<use bilder/Testmessung/ursprungecke/trafoParamausdehnung2ausdursprnahe.png>
Package pdftex.def Info: bilder/Testmessung/ursprungecke/trafoParamausdehnung2a
usdursprnahe.png used on input line 1198.
(pdftex.def)             Requested size: 442.2913pt x 33.60545pt.

Underfull \hbox (badness 10000) in paragraph at lines 1199--1199
[] []\T1/ppl/m/n/10.95 (+20) Transformationsparameter mit an-ge-nä-her-tem
 []


<bilder/Testmessung/ursprungecke/koordsausdehnung2ausdursprnahe.png, id=1395, 1
40.6856pt x 89.6148pt>
File: bilder/Testmessung/ursprungecke/koordsausdehnung2ausdursprnahe.png Graphi
c file (type png)

<use bilder/Testmessung/ursprungecke/koordsausdehnung2ausdursprnahe.png>
Package pdftex.def Info: bilder/Testmessung/ursprungecke/koordsausdehnung2ausdu
rsprnahe.png used on input line 1207.
(pdftex.def)             Requested size: 281.37048pt x 179.22916pt.


LaTeX Warning: `h' float specifier changed to `ht'.

[65pdfTeX warning (ext4): destination with the same identifier (name{figure.8.1
1}) has been already used, duplicate ignored

\AtBegShi@Output ...ipout \box \AtBeginShipoutBox 
                                                  \fi \fi 
l.1212 
       pdfTeX warning (ext4): destination with the same identifier (name{figure
.8.12}) has been already used, duplicate ignored

\AtBegShi@Output ...ipout \box \AtBeginShipoutBox 
                                                  \fi \fi 
l.1212 
        <D:/Studium/Master/Masterarbeit/Latex/bilder/Testmessung/ursprungecke/k
oordsausdehnung2ausdurspr.png> <D:/Studium/Master/Masterarbeit/Latex/bilder/Tes
tmessung/ursprungecke/trafoParamausdehnung2ausdursprnahe.png>]
<bilder/zylinder.png, id=1404, 393.1488pt x 199.4652pt>
File: bilder/zylinder.png Graphic file (type png)

<use bilder/zylinder.png>
Package pdftex.def Info: bilder/zylinder.png used on input line 1222.
(pdftex.def)             Requested size: 393.14784pt x 199.4647pt.
 [66pdfTeX warning (ext4): destination with the same identifier (name{figure.8.
13}) has been already used, duplicate ignored

\AtBegShi@Output ...ipout \box \AtBeginShipoutBox 
                                                  \fi \fi 
l.1225 
        <D:/Studium/Master/Masterarbeit/Latex/bilder/Testmessung/ursprungecke/k
oordsausdehnung2ausdursprnahe.png>]
<FreeCADDaten/Zylinder/zylinderaxometrisch.png, id=1411, 153.9351pt x 113.223pt
>
File: FreeCADDaten/Zylinder/zylinderaxometrisch.png Graphic file (type png)
 <use FreeCADDaten/Zylinder/zylinderaxometrisch.png>
Package pdftex.def Info: FreeCADDaten/Zylinder/zylinderaxometrisch.png used on 
input line 1230.
(pdftex.def)             Requested size: 187.78534pt x 138.13185pt.

<FreeCADDaten/Zylinder/zylinderseitenansicht.png, id=1412, 165.0165pt x 64.3203
pt>
File: FreeCADDaten/Zylinder/zylinderseitenansicht.png Graphic file (type png)
 <use FreeCADDaten/Zylinder/zylinderseitenansicht.png>
Package pdftex.def Info: FreeCADDaten/Zylinder/zylinderseitenansicht.png used o
n input line 1231.
(pdftex.def)             Requested size: 187.78534pt x 73.19437pt.

<FreeCADDaten/Zylinder/zylinderfrontansicht.png, id=1413, 61.6704pt x 61.9113pt
>
File: FreeCADDaten/Zylinder/zylinderfrontansicht.png Graphic file (type png)
 <use FreeCADDaten/Zylinder/zylinderfrontansicht.png>
Package pdftex.def Info: FreeCADDaten/Zylinder/zylinderfrontansicht.png used on
 input line 1232.
(pdftex.def)             Requested size: 70.41771pt x 70.69957pt.
 [67pdfTeX warning (ext4): destination with the same identifier (name{figure.8.
14}) has been already used, duplicate ignored

\AtBegShi@Output ...ipout \box \AtBeginShipoutBox 
                                                  \fi \fi 
l.1245 
       pdfTeX warning (ext4): destination with the same identifier (name{figure
.8.15}) has been already used, duplicate ignored

\AtBegShi@Output ...ipout \box \AtBeginShipoutBox 
                                                  \fi \fi 
l.1245 
        <D:/Studium/Master/Masterarbeit/Latex/bilder/zylinder.png> <D:/Studium/
Master/Masterarbeit/Latex/FreeCADDaten/Zylinder/zylinderaxometrisch.png> <D:/St
udium/Master/Masterarbeit/Latex/FreeCADDaten/Zylinder/zylinderseitenansicht.png
> <D:/Studium/Master/Masterarbeit/Latex/FreeCADDaten/Zylinder/zylinderfrontansi
cht.png>]
<bilder/Testmessung/zylinder/s1transformiert.png, id=1428, 135.1449pt x 100.455
3pt>
File: bilder/Testmessung/zylinder/s1transformiert.png Graphic file (type png)
 <use bilder/Testmessung/zylinder/s1transformiert.png>
Package pdftex.def Info: bilder/Testmessung/zylinder/s1transformiert.png used o
n input line 1249.
(pdftex.def)             Requested size: 270.28912pt x 200.9101pt.
 [68]
<bilder/Testmessung/zylinder/3u4ohneMovement.png, id=1433, 134.4222pt x 100.696
2pt>
File: bilder/Testmessung/zylinder/3u4ohneMovement.png Graphic file (type png)
 <use bilder/Testmessung/zylinder/3u4ohneMovement.png>
Package pdftex.def Info: bilder/Testmessung/zylinder/3u4ohneMovement.png used o
n input line 1259.
(pdftex.def)             Requested size: 268.84372pt x 201.39188pt.
 [69pdfTeX warning (ext4): destination with the same identifier (name{figure.8.
16}) has been already used, duplicate ignored

\AtBegShi@Output ...ipout \box \AtBeginShipoutBox 
                                                  \fi \fi 
l.1264 
       pdfTeX warning (ext4): destination with the same identifier (name{figure
.8.17}) has been already used, duplicate ignored

\AtBegShi@Output ...ipout \box \AtBeginShipoutBox 
                                                  \fi \fi 
l.1264 
        <D:/Studium/Master/Masterarbeit/Latex/bilder/Testmessung/zylinder/s1tra
nsformiert.png (PNG copy)> <D:/Studium/Master/Masterarbeit/Latex/bilder/Testmes
sung/zylinder/3u4ohneMovement.png (PNG copy)>]
<bilder/Testmessung/zylinder/3u4mitMovement.png, id=1439, 135.3858pt x 100.4553
pt>
File: bilder/Testmessung/zylinder/3u4mitMovement.png Graphic file (type png)
 <use bilder/Testmessung/zylinder/3u4mitMovement.png>
Package pdftex.def Info: bilder/Testmessung/zylinder/3u4mitMovement.png used on
 input line 1268.
(pdftex.def)             Requested size: 270.77094pt x 200.9101pt.

<bilder/Testmessung/zylinder/transformationen.png, id=1441, 302.8113pt x 23.849
1pt>
File: bilder/Testmessung/zylinder/transformationen.png Graphic file (type png)
 <use bilder/Testmessung/zylinder/transformationen.png>
Package pdftex.def Info: bilder/Testmessung/zylinder/transformationen.png used 
on input line 1277.
(pdftex.def)             Requested size: 454.21582pt x 35.77354pt.

Underfull \hbox (badness 10000) in paragraph at lines 1281--1284

 []


Overfull \hbox (34.2332pt too wide) in paragraph at lines 1285--1287
\T1/ppl/m/n/12 (-20) die-ser Va-ri-an-te durch die Trans-la-tio-nen des Mo-ve-m
ents kom-pen-siert. 
 []

[70pdfTeX warning (ext4): destination with the same identifier (name{figure.8.1
8}) has been already used, duplicate ignored

\AtBegShi@Output ...ipout \box \AtBeginShipoutBox 
                                                  \fi \fi 
l.1287 
       pdfTeX warning (ext4): destination with the same identifier (name{figure
.8.19}) has been already used, duplicate ignored

\AtBegShi@Output ...ipout \box \AtBeginShipoutBox 
                                                  \fi \fi 
l.1287 
        <D:/Studium/Master/Masterarbeit/Latex/bilder/Testmessung/zylinder/3u4mi
tMovement.png (PNG copy)> <D:/Studium/Master/Masterarbeit/Latex/bilder/Testmess
ung/zylinder/transformationen.png (PNG copy)>]
<bilder/vorrichtungsimulation.png, id=1448, 231.264pt x 120.2091pt>
File: bilder/vorrichtungsimulation.png Graphic file (type png)

<use bilder/vorrichtungsimulation.png>
Package pdftex.def Info: bilder/vorrichtungsimulation.png used on input line 12
95.
(pdftex.def)             Requested size: 462.52686pt x 240.4176pt.

Underfull \hbox (badness 10000) in paragraph at lines 1299--1305

 []

[71pdfTeX warning (ext4): destination with the same identifier (name{figure.8.2
0}) has been already used, duplicate ignored

\AtBegShi@Output ...ipout \box \AtBeginShipoutBox 
                                                  \fi \fi 
l.1305 
        <D:/Studium/Master/Masterarbeit/Latex/bilder/vorrichtungsimulation.png>
] [72]
Kapitel 9.

Underfull \hbox (badness 10000) in paragraph at lines 1317--1322

 []

[73


]
Underfull \hbox (badness 10000) in paragraph at lines 1340--1341

 []

(D:\Studium\Master\Masterarbeit\Latex\thesis.bbl [74]
LaTeX Font Info:    Font shape `OMS/ppl/m/it' in size <12> not available
(Font)              Font shape `OMS/cmsy/m/n' tried instead on input line 49.
 [75


]
Underfull \hbox (badness 10000) in paragraph at lines 123--134
$\T1/cmtt/m/n/12 / / deposit . d-[]nb . de / cgi-[]bin / dokserv ? id = 2980271
&prov = M&dok _ var = 1&dok _$
 []


Underfull \hbox (badness 10000) in paragraph at lines 123--134
$\T1/cmtt/m/n/12 ext = htm ; http : / / scans . hebis . de / HEBCGI / show . pl
 ? 19166982 _ toc . pdf$[]\T1/ppl/m/n/12 (+20) . --
 []

[76]
Underfull \hbox (badness 10000) in paragraph at lines 143--154
$\T1/cmtt/m/n/12 de / cgi-[]bin / dokserv ? id = 2772851&prov = M&dok _ var = 1
&dok _ ext = htm ; http :$
 []

[77]
Underfull \hbox (badness 10000) in paragraph at lines 205--215
$\T1/cmtt/m/n/12 / / scans . hebis . de / HEBCGI / show . pl ? 19562971 _ toc .
 pdf ; http : / / deposit .$
 []


Underfull \hbox (badness 10000) in paragraph at lines 205--215
$\T1/cmtt/m/n/12 d-[]nb . de / cgi-[]bin / dokserv ? id = 3018921&prov = M&dok 
_ var = 1&dok _ ext = htm$[]\T1/ppl/m/n/12 (+20) . --
 []

) [78]
Anhang A.

Underfull \hbox (badness 10000) in paragraph at lines 1357--1358

 []


Underfull \hbox (badness 10000) in paragraph at lines 1439--1440

 []

<bilder/wandPunkte.jpg, id=1510, 2457.18pt x 3276.24pt>
File: bilder/wandPunkte.jpg Graphic file (type jpg)

<use bilder/wandPunkte.jpg>
Package pdftex.def Info: bilder/wandPunkte.jpg used on input line 1444.
(pdftex.def)             Requested size: 187.78534pt x 250.3566pt.

<bilder/temperaturmessung.jpg, id=1511, 2457.18pt x 3276.24pt>
File: bilder/temperaturmessung.jpg Graphic file (type jpg)

<use bilder/temperaturmessung.jpg>
Package pdftex.def Info: bilder/temperaturmessung.jpg used on input line 1445.
(pdftex.def)             Requested size: 187.78534pt x 250.3566pt.
 [79


pdfTeX warning (ext4): destination with the same identifier (name{table.A.1}) h
as been already used, duplicate ignored

\AtBegShi@Output ...ipout \box \AtBeginShipoutBox 
                                                  \fi \fi 
l.1447 \end{figure}
                   ] [80pdfTeX warning (ext4): destination with the same identi
fier (name{figure.A.1}) has been already used, duplicate ignored

\AtBegShi@Output ...ipout \box \AtBeginShipoutBox 
                                                  \fi \fi 
l.1510 
        <D:/Studium/Master/Masterarbeit/Latex/bilder/wandPunkte.jpg> <D:/Studiu
m/Master/Masterarbeit/Latex/bilder/temperaturmessung.jpg>]
Overfull \hbox (15.26796pt too wide) in paragraph at lines 1517--1597
 [][] 
 []


Overfull \hbox (15.26796pt too wide) in paragraph at lines 1605--1685
 [][] 
 []

[81pdfTeX warning (ext4): destination with the same identifier (name{table.A.2}
) has been already used, duplicate ignored

\AtBegShi@Output ...ipout \box \AtBeginShipoutBox 
                                                  \fi \fi 
l.1686 
       pdfTeX warning (ext4): destination with the same identifier (name{table.
A.3}) has been already used, duplicate ignored

\AtBegShi@Output ...ipout \box \AtBeginShipoutBox 
                                                  \fi \fi 
l.1686 
       ]
Overfull \hbox (15.26796pt too wide) in paragraph at lines 1693--1773
 [][] 
 []

[82pdfTeX warning (ext4): destination with the same identifier (name{table.A.4}
) has been already used, duplicate ignored

\AtBegShi@Output ...ipout \box \AtBeginShipoutBox 
                                                  \fi \fi 
l.1778 \chapter
               {Sollwerte und Messwerte zu den Testmessungen}pdfTeX warning (ex
t4): destination with the same identifier (name{table.A.5}) has been already us
ed, duplicate ignored

\AtBegShi@Output ...ipout \box \AtBeginShipoutBox 
                                                  \fi \fi 
l.1778 \chapter
               {Sollwerte und Messwerte zu den Testmessungen}]
Anhang B.
[83


pdfTeX warning (ext4): destination with the same identifier (name{table.B.1}) h
as been already used, duplicate ignored

\AtBegShi@Output ...ipout \box \AtBeginShipoutBox 
                                                  \fi \fi 
l.1930 
       pdfTeX warning (ext4): destination with the same identifier (name{table.
B.2}) has been already used, duplicate ignored

\AtBegShi@Output ...ipout \box \AtBeginShipoutBox 
                                                  \fi \fi 
l.1930 
       ]

LaTeX Warning: `h' float specifier changed to `ht'.


LaTeX Warning: `h' float specifier changed to `ht'.


LaTeX Warning: `h' float specifier changed to `ht'.


LaTeX Warning: `h' float specifier changed to `ht'.


LaTeX Warning: `h' float specifier changed to `ht'.

[84pdfTeX warning (ext4): destination with the same identifier (name{table.B.3}
) has been already used, duplicate ignored

\AtBegShi@Output ...ipout \box \AtBeginShipoutBox 
                                                  \fi \fi 
l.2296 \chapter
               *{Danksagung}pdfTeX warning (ext4): destination with the same id
entifier (name{table.B.4}) has been already used, duplicate ignored

\AtBegShi@Output ...ipout \box \AtBeginShipoutBox 
                                                  \fi \fi 
l.2296 \chapter
               *{Danksagung}] [85pdfTeX warning (ext4): destination with the sa
me identifier (name{table.B.5}) has been already used, duplicate ignored

\AtBegShi@Output ...ipout \box \AtBeginShipoutBox 
                                                  \fi \fi 
l.2296 \chapter
               *{Danksagung}pdfTeX warning (ext4): destination with the same id
entifier (name{table.B.6}) has been already used, duplicate ignored

\AtBegShi@Output ...ipout \box \AtBeginShipoutBox 
                                                  \fi \fi 
l.2296 \chapter
               *{Danksagung}pdfTeX warning (ext4): destination with the same id
entifier (name{table.B.7}) has been already used, duplicate ignored

\AtBegShi@Output ...ipout \box \AtBeginShipoutBox 
                                                  \fi \fi 
l.2296 \chapter
               *{Danksagung}] [86pdfTeX warning (ext4): destination with the sa
me identifier (name{table.B.8}) has been already used, duplicate ignored

\AtBegShi@Output ...ipout \box \AtBeginShipoutBox 
                                                  \fi \fi 
l.2296 \chapter
               *{Danksagung}pdfTeX warning (ext4): destination with the same id
entifier (name{table.B.9}) has been already used, duplicate ignored

\AtBegShi@Output ...ipout \box \AtBeginShipoutBox 
                                                  \fi \fi 
l.2296 \chapter
               *{Danksagung}]
Package atveryend Info: Empty hook `BeforeClearDocument' on input line 2305.
 [87


]
Package atveryend Info: Empty hook `AfterLastShipout' on input line 2305.

(D:\Studium\Master\Masterarbeit\Latex\thesis.aux)
Package atveryend Info: Executing hook `AtVeryEndDocument' on input line 2305.
Package atveryend Info: Executing hook `AtEndAfterFileList' on input line 2305.

Package rerunfilecheck Info: File `thesis.out' has not changed.
(rerunfilecheck)             Checksum: 9982ADFB34F1C3D0DA595B76BAAF2D39;3368.


LaTeX Warning: There were multiply-defined labels.

Package atveryend Info: Empty hook `AtVeryVeryEnd' on input line 2305.
 ) 
Here is how much of TeX's memory you used:
 15880 strings out of 493921
 237614 string characters out of 3147255
 580334 words of memory out of 3000000
 17811 multiletter control sequences out of 15000+200000
 85297 words of font info for 371 fonts, out of 3000000 for 9000
 841 hyphenation exceptions out of 8191
 47i,18n,68p,1486b,2026s stack positions out of 5000i,500n,10000p,200000b,50000s
pdfTeX warning (dest): name{Hfootnote.5} has been referenced but does not exi
st, replaced by a fixed one

{C:/Program Files/MiKTeX 2.9/fonts/enc/dvips/cm-super/cm-super-t1.enc}{C:/Progr
am Files/MiKTeX 2.9/fonts/enc/dvips/fontname/8r.enc}<C:/Program Files/MiKTeX 2.
9/fonts/type1/public/amsfonts/cm/cmex10.pfb><C:/Program Files/MiKTeX 2.9/fonts/
type1/public/amsfonts/cm/cmr10.pfb><C:/Program Files/MiKTeX 2.9/fonts/type1/pub
lic/amsfonts/cm/cmsy10.pfb><C:/Program Files/MiKTeX 2.9/fonts/type1/public/amsf
onts/cm/cmsy6.pfb><C:/Program Files/MiKTeX 2.9/fonts/type1/public/mathpazo/fplm
r.pfb><C:/Program Files/MiKTeX 2.9/fonts/type1/public/mathpazo/fplmri.pfb><C:/P
rogram Files/MiKTeX 2.9/fonts/type1/public/cm-super/sfso1200.pfb><C:/Program Fi
les/MiKTeX 2.9/fonts/type1/public/cm-super/sfsx0900.pfb><C:/Program Files/MiKTe
X 2.9/fonts/type1/public/cm-super/sfsx1200.pfb><C:/Program Files/MiKTeX 2.9/fon
ts/type1/public/cm-super/sftt1000.pfb><C:/Program Files/MiKTeX 2.9/fonts/type1/
public/cm-super/sftt1200.pfb><C:/Program Files/MiKTeX 2.9/fonts/type1/urw/palat
ino/uplb8a.pfb><C:/Program Files/MiKTeX 2.9/fonts/type1/urw/palatino/uplr8a.pfb
><C:/Program Files/MiKTeX 2.9/fonts/type1/urw/palatino/uplr8a.pfb><C:/Program F
iles/MiKTeX 2.9/fonts/type1/urw/palatino/uplri8a.pfb>
Output written on thesis.pdf (97 pages, 7654324 bytes).
PDF statistics:
 1743 PDF objects out of 2073 (max. 8388607)
 1500 compressed objects within 15 object streams
 637 named destinations out of 1000 (max. 500000)
 61021 words of extra memory for PDF output out of 61914 (max. 10000000)

